2026-06-15T20:15:37.7436959+00:00 ContainerStatus: State: Starting, Action: EstablishingSiteNetworks, LastError: , LastErrorTimestamp: 01/01/0001 00:00:00, LastErrorDetails: , Details: , DetailsLevel: INFO
2026-06-15T20:15:39.2723820+00:00 ContainerStatus: State: Starting, Action: StartingSiteContainers, LastError: , LastErrorTimestamp: 01/01/0001 00:00:00, LastErrorDetails: , Details: , DetailsLevel: INFO
2026-06-15T20:15:39.2750776+00:00 ContainerStatus: Container start method called.
2026-06-15T20:15:39.2835345+00:00 ContainerStatus: State: Starting, Action: PullingImage, LastError: , LastErrorTimestamp: 01/01/0001 00:00:00, LastErrorDetails: , Details: Pulling image 10.1.0.4:13209/appsvc/dotnetcore:10.0_20260504.4.tuxprod for app-api-healingassigns-dev., DetailsLevel: INFO
2026-06-15T20:15:39.2838257+00:00 ContainerStatus: Establishing network.
2026-06-15T20:15:39.2869811+00:00 ContainerStatus: Pulling image: appsvc/dotnetcore:10.0_20260504.4.tuxprod.
2026-06-15T20:16:04.3167685+00:00 ContainerStatus: Image appsvc/dotnetcore:10.0_20260504.4.tuxprod is pulled from registry 10.1.0.4:13209
2026-06-15T20:16:04.3289236+00:00 ContainerStatus: Container is starting.
2026-06-15T20:16:04.4099189+00:00 ContainerStatus: State: Starting, Action: MountingVolumes, LastError: , LastErrorTimestamp: 01/01/0001 00:00:00, LastErrorDetails: , Details: Mounting volumes for app-api-healingassigns-dev., DetailsLevel: INFO
2026-06-15T20:16:04.4102002+00:00 ContainerStatus: Establishing user namespace if not established already.
2026-06-15T20:16:04.4104421+00:00 ContainerStatus: Establishing network if not established already.
2026-06-15T20:16:04.4109862+00:00 ContainerStatus: Mounting volumes.
2026-06-15T20:16:04.4179630+00:00 ContainerStatus: Nested mountpoint 
2026-06-15T20:16:04.5240589+00:00 ContainerStatus: Nested mountpoint volatile/logs
2026-06-15T20:16:04.7656096+00:00 ContainerStatus: Nested mountpoint 
2026-06-15T20:16:05.1663116+00:00 ContainerStatus: Nested mountpoint 
2026-06-15T20:16:05.1689591+00:00 ContainerStatus: Nested mountpoint 
2026-06-15T20:16:05.7715999+00:00 ContainerStatus: State: Starting, Action: CreatingContainer, LastError: , LastErrorTimestamp: 01/01/0001 00:00:00, LastErrorDetails: , Details: Finished pulling container image and mounting volumes for app-api-healingassigns-dev. Allocatinng the rest of the container resources to finish container creation., DetailsLevel: INFO
2026-06-15T20:16:05.7718605+00:00 ContainerStatus: Creating container.
2026-06-15T20:16:05.7748104+00:00 ContainerStatus: Creating pipes for streaming container io.
2026-06-15T20:16:05.7754944+00:00 ContainerStatus: Creating stdout named pipe at /podr/container/pipe/2f912505d986_app-api-healingassigns-dev/stdout_9c55d3755bfc4401ad77e72a1e52c4ee.
2026-06-15T20:16:05.7760016+00:00 ContainerStatus: Successfully created stdout named pipe at: /podr/container/pipe/2f912505d986_app-api-healingassigns-dev/stdout_9c55d3755bfc4401ad77e72a1e52c4ee.
2026-06-15T20:16:05.7767826+00:00 ContainerStatus: Opening named pipe /podr/container/pipe/2f912505d986_app-api-healingassigns-dev/stdout_9c55d3755bfc4401ad77e72a1e52c4ee for reading in non-blocking mode.
2026-06-15T20:16:05.7769389+00:00 ContainerStatus: Successfully opened named pipe: /podr/container/pipe/2f912505d986_app-api-healingassigns-dev/stdout_9c55d3755bfc4401ad77e72a1e52c4ee.
2026-06-15T20:16:05.7773510+00:00 ContainerStatus: Successfully removed non-blocking flag from /podr/container/pipe/2f912505d986_app-api-healingassigns-dev/stdout_9c55d3755bfc4401ad77e72a1e52c4ee.
2026-06-15T20:16:05.7783500+00:00 ContainerStatus: Creating stderr named pipe at /podr/container/pipe/2f912505d986_app-api-healingassigns-dev/stderr_ec6b61b403154108844121e534fa0592.
2026-06-15T20:16:05.7788500+00:00 ContainerStatus: Successfully created stderr named pipe at: /podr/container/pipe/2f912505d986_app-api-healingassigns-dev/stderr_ec6b61b403154108844121e534fa0592.
2026-06-15T20:16:05.7791099+00:00 ContainerStatus: Opening named pipe /podr/container/pipe/2f912505d986_app-api-healingassigns-dev/stderr_ec6b61b403154108844121e534fa0592 for reading in non-blocking mode.
2026-06-15T20:16:05.7792648+00:00 ContainerStatus: Successfully opened named pipe: /podr/container/pipe/2f912505d986_app-api-healingassigns-dev/stderr_ec6b61b403154108844121e534fa0592.
2026-06-15T20:16:05.7794710+00:00 ContainerStatus: Successfully removed non-blocking flag from /podr/container/pipe/2f912505d986_app-api-healingassigns-dev/stderr_ec6b61b403154108844121e534fa0592.
2026-06-15T20:16:05.7832977+00:00 ContainerStatus: Creating container with image: appsvc/dotnetcore:10.0_20260504.4.tuxprod from registry: 10.1.0.4:13209 and fully qualified image name: 10.1.0.4:13209/appsvc/dotnetcore:10.0_20260504.4.tuxprod
2026-06-15T20:16:08.6096792+00:00 ContainerStatus: Starting container: 2f912505d986_app-api-healingassigns-dev.
2026-06-15T20:16:08.8052831+00:00 ContainerStatus: Starting watchers and probes.
2026-06-15T20:16:08.9516774+00:00 ContainerStatus: Starting metrics collection.
2026-06-15T20:16:08.9664301+00:00 ContainerStatus: Container is running.
2026-06-15T20:16:08.9682790+00:00 ContainerStatus: State: Starting, Action: CreatingContainer, LastError: , LastErrorTimestamp: 01/01/0001 00:00:00, LastErrorDetails: , Details: Container app-api-healingassigns-dev successfully created and is running., DetailsLevel: INFO
2026-06-15T20:16:09.2410861+00:00 ContainerStatus: Container start method finished after 29965 ms.
2026-06-15T20:16:09.2415308+00:00 ContainerStatus: State: Starting, Action: InitiatingSiteWarmUpProbe, LastError: , LastErrorTimestamp: 01/01/0001 00:00:00, LastErrorDetails: , Details: Container app-api-healingassigns-dev successfully created and is running., DetailsLevel: INFO
2026-06-15T20:16:09.4103532+00:00 ContainerStatus: State: Starting, Action: WaitingForSiteWarmUpProbeSuccess, LastError: , LastErrorTimestamp: 01/01/0001 00:00:00, LastErrorDetails: , Details: Pinging warmup path to ensure container is ready to receive requests., DetailsLevel: INFO
2026-06-15T20:16:11.6757054+00:00 ContainerStream:    _____                               
2026-06-15T20:16:11.6799582+00:00 ContainerStream:   /  _  \ __________ _________   ____  
2026-06-15T20:16:11.6800091+00:00 ContainerStream:  /  /_\  \\___   /  |  \_  __ \_/ __ \ 
2026-06-15T20:16:11.6800176+00:00 ContainerStream: /    |    \/    /|  |  /|  | \/\  ___/ 
2026-06-15T20:16:11.6800232+00:00 ContainerStream: \____|__  /_____ \____/ |__|    \___  >
2026-06-15T20:16:11.6800281+00:00 ContainerStream:         \/      \/                  \/ 
2026-06-15T20:16:11.6800355+00:00 ContainerStream: A P P   S E R V I C E   O N   L I N U X
2026-06-15T20:16:11.6800436+00:00 ContainerStream: 
2026-06-15T20:16:11.6800499+00:00 ContainerStream: Documentation       : http://aka.ms/webapp-linux
2026-06-15T20:16:11.6800549+00:00 ContainerStream: Dotnet quickstart   : https://aka.ms/dotnet-qs
2026-06-15T20:16:11.6800601+00:00 ContainerStream: ASP .NETCore Version: 10.0.7
2026-06-15T20:16:11.6800685+00:00 ContainerStream: Instance Name       : 10-30-0-187
2026-06-15T20:16:11.6800755+00:00 ContainerStream: Instance Id         : e810352f4b36088642b979852abe5d5ce3112c2251d97b45d306beb6d36b0a83
2026-06-15T20:16:11.6800811+00:00 ContainerStream: 
2026-06-15T20:16:11.6800863+00:00 ContainerStream: Note: Any data outside '/home' is not persisted
2026-06-15T20:16:13.8284103+00:00 ContainerStream:  * Starting OpenBSD Secure Shell server sshd
2026-06-15T20:16:13.8588438+00:00 ContainerStream:    ...done.
2026-06-15T20:16:14.1628089+00:00 ContainerStream: WEBSITES_INCLUDE_CLOUD_CERTS is not set to true.
2026-06-15T20:16:14.3728033+00:00 ContainerStream: Updating certificates in /etc/ssl/certs...
2026-06-15T20:16:29.5659122+00:00 ContainerStream: rehash: warning: skipping duplicate certificate in SSLcom-TLS-Root-2022-ECC.pem
2026-06-15T20:16:29.5668383+00:00 ContainerStream: rehash: warning: skipping duplicate certificate in SSLcom-TLS-Root-2022-RSA.pem
2026-06-15T20:16:30.5107113+00:00 ContainerStream: rehash: warning: skipping ca-certificates.crt,it does not contain exactly one certificate or CRL
2026-06-15T20:16:31.3734822+00:00 ContainerStream: 4 added, 0 removed; done.
2026-06-15T20:16:31.3736033+00:00 ContainerStream: Running hooks in /etc/ca-certificates/update.d...
2026-06-15T20:16:31.3787435+00:00 ContainerStream: done.
2026-06-15T20:16:31.3910529+00:00 ContainerStream: CA certificates copied and updated successfully.
2026-06-15T20:16:31.4952524+00:00 ContainerStream:  * Starting periodic command scheduler cron
2026-06-15T20:16:31.5085941+00:00 ContainerStream:    ...done.
2026-06-15T20:16:31.5110692+00:00 ContainerStream: Running oryx create-script -appPath /home/site/wwwroot -output /opt/startup/startup.sh -defaultAppFilePath /defaulthome/hostingstart/hostingstart.dll     -bindPort 8080 -bindPort2 '' -userStartupCommand '' 
2026-06-15T20:16:33.2282220+00:00 ContainerStream: Could not find build manifest file at '/home/site/wwwroot/oryx-manifest.toml'
2026-06-15T20:16:33.2297221+00:00 ContainerStream: Could not find operation ID in manifest. Generating an operation id...
2026-06-15T20:16:33.2298034+00:00 ContainerStream: Build Operation ID: 67199546-d4e5-461e-bbb3-a990a8a61924
2026-06-15T20:16:33.6734443+00:00 ContainerStream: 
2026-06-15T20:16:33.6735318+00:00 ContainerStream: Agent extension 
2026-06-15T20:16:33.6735408+00:00 ContainerStream: Before if loop >> DotNet Runtime 
2026-06-15T20:16:33.7078171+00:00 ContainerStream: DotNet Runtime 10.0Writing output script to '/opt/startup/startup.sh'
2026-06-15T20:16:33.7692690+00:00 ContainerStream: Trying to find the startup DLL name...
2026-06-15T20:16:33.7693246+00:00 ContainerStream: Found the startup D name: HealingAssigns.Api.dll
2026-06-15T20:16:33.7693371+00:00 ContainerStream: Running the command: dotnet "HealingAssigns.Api.dll"
2026-06-15T20:16:35.5186670+00:00 ContainerStream: info: Microsoft.Hosting.Lifetime[14]
2026-06-15T20:16:35.5187335+00:00 ContainerStream:       Now listening on: http://[::]:8080
2026-06-15T20:16:35.5187408+00:00 ContainerStream: info: Microsoft.Hosting.Lifetime[0]
2026-06-15T20:16:35.5187524+00:00 ContainerStream:       Application started. Press Ctrl+C to shut down.
2026-06-15T20:16:35.5326720+00:00 ContainerStream: info: Microsoft.Hosting.Lifetime[0]
2026-06-15T20:16:35.5328883+00:00 ContainerStream:       Hosting environment: Development
2026-06-15T20:16:35.5329166+00:00 ContainerStream: info: Microsoft.Hosting.Lifetime[0]
2026-06-15T20:16:35.5329225+00:00 ContainerStream:       Content root path: /home/site/wwwroot
2026-06-15T20:16:37.7803015+00:00 ContainerStream: warn: Microsoft.AspNetCore.HttpsPolicy.HttpsRedirectionMiddleware[3]
2026-06-15T20:16:37.7803667+00:00 ContainerStream:       Failed to determine the https port for redirect.
2026-06-15T20:16:38.1325854+00:00 ContainerStatus: Site startup probe succeeded after 28.6973718 seconds.
2026-06-15T20:16:38.3514952+00:00 ContainerStatus: State: Starting, Action: WarmUpProbeSucceeded, LastError: , LastErrorTimestamp: 01/01/0001 00:00:00, LastErrorDetails: , Details: Site startup probe succeeded after 28.6973718 seconds., DetailsLevel: INFO
2026-06-15T20:16:38.6476476+00:00 ContainerStatus: Site is running with deployment version: 06add8f0-9600-483c-a649-e1b5f2f7c71f
2026-06-15T20:16:38.6554769+00:00 ContainerStatus: Site started.
2026-06-15T20:16:38.6556435+00:00 ContainerStatus: State: Started, Action: None, LastError: , LastErrorTimestamp: 01/01/0001 00:00:00, LastErrorDetails: , Details: Site started at 06/15/2026 20:16:38 (UTC), DetailsLevel: INFO
2026-06-15T20:16:38.7261693+00:00 ContainerStatus: Site is running with patch version DOTNETCORE 10.0.7
========== New Cold Start Attempt (2026-06-15T20:18:29.4307474+00:00) ==========
2026-06-15T20:18:29.4307474+00:00 ContainerStatus: State: Starting, Action: EstablishingSiteNetworks, LastError: , LastErrorTimestamp: 01/01/0001 00:00:00, LastErrorDetails: , Details: , DetailsLevel: INFO
2026-06-15T20:18:29.9070969+00:00 ContainerStatus: State: Starting, Action: StartingSiteContainers, LastError: , LastErrorTimestamp: 01/01/0001 00:00:00, LastErrorDetails: , Details: , DetailsLevel: INFO
2026-06-15T20:18:29.9082000+00:00 ContainerStatus: Container start method called.
2026-06-15T20:18:29.9098394+00:00 ContainerStatus: State: Starting, Action: PullingImage, LastError: , LastErrorTimestamp: 01/01/0001 00:00:00, LastErrorDetails: , Details: Pulling image 10.1.0.4:13209/appsvc/dotnetcore:10.0_20260504.4.tuxprod for app-api-healingassigns-dev., DetailsLevel: INFO
2026-06-15T20:18:29.9104349+00:00 ContainerStatus: Establishing network.
2026-06-15T20:18:29.9114187+00:00 ContainerStatus: Pulling image: appsvc/dotnetcore:10.0_20260504.4.tuxprod.
2026-06-15T20:18:30.5286601+00:00 ContainerStatus: Container is starting.
2026-06-15T20:18:30.5291951+00:00 ContainerStatus: State: Starting, Action: MountingVolumes, LastError: , LastErrorTimestamp: 01/01/0001 00:00:00, LastErrorDetails: , Details: Mounting volumes for app-api-healingassigns-dev., DetailsLevel: INFO
2026-06-15T20:18:30.5299368+00:00 ContainerStatus: Establishing user namespace if not established already.
2026-06-15T20:18:30.5309631+00:00 ContainerStatus: Establishing network if not established already.
2026-06-15T20:18:30.5314914+00:00 ContainerStatus: Mounting volumes.
2026-06-15T20:18:30.5328667+00:00 ContainerStatus: Nested mountpoint 
2026-06-15T20:18:30.5353196+00:00 ContainerStatus: Nested mountpoint volatile/logs
2026-06-15T20:18:30.5509232+00:00 ContainerStatus: Nested mountpoint 
2026-06-15T20:18:30.5517504+00:00 ContainerStatus: Nested mountpoint 
2026-06-15T20:18:30.5620462+00:00 ContainerStatus: Nested mountpoint 
2026-06-15T20:18:30.7447433+00:00 ContainerStatus: State: Starting, Action: CreatingContainer, LastError: , LastErrorTimestamp: 01/01/0001 00:00:00, LastErrorDetails: , Details: Finished pulling container image and mounting volumes for app-api-healingassigns-dev. Allocatinng the rest of the container resources to finish container creation., DetailsLevel: INFO
2026-06-15T20:18:30.7449037+00:00 ContainerStatus: Creating container.
2026-06-15T20:18:30.7450441+00:00 ContainerStatus: Creating pipes for streaming container io.
2026-06-15T20:18:30.7451643+00:00 ContainerStatus: Creating stdout named pipe at /podr/container/pipe/fda2d7a0ac6e_app-api-healingassigns-dev/stdout_0f2e7bf6a4ea4b478a0c7f3a008400bb.
2026-06-15T20:18:30.7453997+00:00 ContainerStatus: Successfully created stdout named pipe at: /podr/container/pipe/fda2d7a0ac6e_app-api-healingassigns-dev/stdout_0f2e7bf6a4ea4b478a0c7f3a008400bb.
2026-06-15T20:18:30.7455112+00:00 ContainerStatus: Opening named pipe /podr/container/pipe/fda2d7a0ac6e_app-api-healingassigns-dev/stdout_0f2e7bf6a4ea4b478a0c7f3a008400bb for reading in non-blocking mode.
2026-06-15T20:18:30.7456449+00:00 ContainerStatus: Successfully opened named pipe: /podr/container/pipe/fda2d7a0ac6e_app-api-healingassigns-dev/stdout_0f2e7bf6a4ea4b478a0c7f3a008400bb.
2026-06-15T20:18:30.7457655+00:00 ContainerStatus: Successfully removed non-blocking flag from /podr/container/pipe/fda2d7a0ac6e_app-api-healingassigns-dev/stdout_0f2e7bf6a4ea4b478a0c7f3a008400bb.
2026-06-15T20:18:30.7480179+00:00 ContainerStatus: Creating stderr named pipe at /podr/container/pipe/fda2d7a0ac6e_app-api-healingassigns-dev/stderr_aa268457be864e6591d91fd2384257cf.
2026-06-15T20:18:30.7491458+00:00 ContainerStatus: Successfully created stderr named pipe at: /podr/container/pipe/fda2d7a0ac6e_app-api-healingassigns-dev/stderr_aa268457be864e6591d91fd2384257cf.
2026-06-15T20:18:30.7499468+00:00 ContainerStatus: Opening named pipe /podr/container/pipe/fda2d7a0ac6e_app-api-healingassigns-dev/stderr_aa268457be864e6591d91fd2384257cf for reading in non-blocking mode.
2026-06-15T20:18:30.7508761+00:00 ContainerStatus: Successfully opened named pipe: /podr/container/pipe/fda2d7a0ac6e_app-api-healingassigns-dev/stderr_aa268457be864e6591d91fd2384257cf.
2026-06-15T20:18:30.7510955+00:00 ContainerStatus: Successfully removed non-blocking flag from /podr/container/pipe/fda2d7a0ac6e_app-api-healingassigns-dev/stderr_aa268457be864e6591d91fd2384257cf.
2026-06-15T20:18:30.7522826+00:00 ContainerStatus: Creating container with image: appsvc/dotnetcore:10.0_20260504.4.tuxprod from registry: 10.1.0.4:13209 and fully qualified image name: 10.1.0.4:13209/appsvc/dotnetcore:10.0_20260504.4.tuxprod
2026-06-15T20:18:31.4097216+00:00 ContainerStatus: Starting container: fda2d7a0ac6e_app-api-healingassigns-dev.
2026-06-15T20:18:31.4272475+00:00 ContainerStatus: Starting watchers and probes.
2026-06-15T20:18:31.4275843+00:00 ContainerStatus: Starting metrics collection.
2026-06-15T20:18:31.4277650+00:00 ContainerStatus: Container is running.
2026-06-15T20:18:31.4279182+00:00 ContainerStatus: State: Starting, Action: CreatingContainer, LastError: , LastErrorTimestamp: 01/01/0001 00:00:00, LastErrorDetails: , Details: Container app-api-healingassigns-dev successfully created and is running., DetailsLevel: INFO
2026-06-15T20:18:31.4750540+00:00 ContainerStatus: Container start method finished after 1565 ms.
2026-06-15T20:18:31.4753386+00:00 ContainerStatus: State: Starting, Action: InitiatingSiteWarmUpProbe, LastError: , LastErrorTimestamp: 01/01/0001 00:00:00, LastErrorDetails: , Details: Container app-api-healingassigns-dev successfully created and is running., DetailsLevel: INFO
2026-06-15T20:18:31.4754050+00:00 ContainerStatus: State: Starting, Action: WaitingForSiteWarmUpProbeSuccess, LastError: , LastErrorTimestamp: 01/01/0001 00:00:00, LastErrorDetails: , Details: Pinging warmup path to ensure container is ready to receive requests., DetailsLevel: INFO
2026-06-15T20:18:31.8336413+00:00 ContainerStream:    _____                               
2026-06-15T20:18:31.8338391+00:00 ContainerStream:   /  _  \ __________ _________   ____  
2026-06-15T20:18:31.8338471+00:00 ContainerStream:  /  /_\  \\___   /  |  \_  __ \_/ __ \ 
2026-06-15T20:18:31.8338507+00:00 ContainerStream: /    |    \/    /|  |  /|  | \/\  ___/ 
2026-06-15T20:18:31.8338590+00:00 ContainerStream: \____|__  /_____ \____/ |__|    \___  >
2026-06-15T20:18:31.8338628+00:00 ContainerStream:         \/      \/                  \/ 
2026-06-15T20:18:31.8338662+00:00 ContainerStream: A P P   S E R V I C E   O N   L I N U X
2026-06-15T20:18:31.8338694+00:00 ContainerStream: 
2026-06-15T20:18:31.8338731+00:00 ContainerStream: Documentation       : http://aka.ms/webapp-linux
2026-06-15T20:18:31.8338764+00:00 ContainerStream: Dotnet quickstart   : https://aka.ms/dotnet-qs
2026-06-15T20:18:31.8338809+00:00 ContainerStream: ASP .NETCore Version: 10.0.7
2026-06-15T20:18:31.8338841+00:00 ContainerStream: Instance Name       : 10-30-0-187
2026-06-15T20:18:31.8338886+00:00 ContainerStream: Instance Id         : e810352f4b36088642b979852abe5d5ce3112c2251d97b45d306beb6d36b0a83
2026-06-15T20:18:31.8338917+00:00 ContainerStream: 
2026-06-15T20:18:31.8338948+00:00 ContainerStream: Note: Any data outside '/home' is not persisted
2026-06-15T20:18:32.4025611+00:00 ContainerStream:  * Starting OpenBSD Secure Shell server sshd
2026-06-15T20:18:32.4181232+00:00 ContainerStream:    ...done.
2026-06-15T20:18:32.4360100+00:00 ContainerStream: WEBSITES_INCLUDE_CLOUD_CERTS is not set to true.
2026-06-15T20:18:32.4616036+00:00 ContainerStream: Updating certificates in /etc/ssl/certs...
2026-06-15T20:18:39.6542078+00:00 ContainerStream: rehash: warning: skipping duplicate certificate in SSLcom-TLS-Root-2022-ECC.pem
2026-06-15T20:18:39.6565508+00:00 ContainerStream: rehash: warning: skipping duplicate certificate in SSLcom-TLS-Root-2022-RSA.pem
2026-06-15T20:18:39.7789703+00:00 ContainerStream: rehash: warning: skipping ca-certificates.crt,it does not contain exactly one certificate or CRL
2026-06-15T20:18:39.7970831+00:00 ContainerStream: 4 added, 0 removed; done.
2026-06-15T20:18:39.7971272+00:00 ContainerStream: Running hooks in /etc/ca-certificates/update.d...
2026-06-15T20:18:39.8062401+00:00 ContainerStream: done.
2026-06-15T20:18:39.8150230+00:00 ContainerStream: CA certificates copied and updated successfully.
2026-06-15T20:18:40.5038896+00:00 ContainerStream:  * Starting periodic command scheduler cron
2026-06-15T20:18:40.5167687+00:00 ContainerStream:    ...done.
2026-06-15T20:18:40.5909296+00:00 ContainerStream: Running oryx create-script -appPath /home/site/wwwroot -output /opt/startup/startup.sh -defaultAppFilePath /defaulthome/hostingstart/hostingstart.dll     -bindPort 8080 -bindPort2 '' -userStartupCommand '' 
2026-06-15T20:18:40.7986835+00:00 ContainerStream: Could not find build manifest file at '/home/site/wwwroot/oryx-manifest.toml'
2026-06-15T20:18:40.7987332+00:00 ContainerStream: Could not find operation ID in manifest. Generating an operation id...
2026-06-15T20:18:40.7994073+00:00 ContainerStream: Build Operation ID: 7dbf3995-5702-4539-bcb2-835d6ce18b12
2026-06-15T20:18:40.9733181+00:00 ContainerStream: 
2026-06-15T20:18:40.9733738+00:00 ContainerStream: Agent extension 
2026-06-15T20:18:40.9733782+00:00 ContainerStream: Before if loop >> DotNet Runtime 
2026-06-15T20:18:41.0196633+00:00 ContainerStream: DotNet Runtime 10.0Writing output script to '/opt/startup/startup.sh'
2026-06-15T20:18:41.0654862+00:00 ContainerStream: Trying to find the startup DLL name...
2026-06-15T20:18:41.0655667+00:00 ContainerStream: Found the startup D name: HealingAssigns.Api.dll
2026-06-15T20:18:41.0655784+00:00 ContainerStream: Running the command: dotnet "HealingAssigns.Api.dll"
2026-06-15T20:18:42.0425774+00:00 ContainerStream: info: Microsoft.Hosting.Lifetime[14]
2026-06-15T20:18:42.0426688+00:00 ContainerStream:       Now listening on: http://[::]:8080
2026-06-15T20:18:42.0490075+00:00 ContainerStream: info: Microsoft.Hosting.Lifetime[0]
2026-06-15T20:18:42.0490298+00:00 ContainerStream:       Application started. Press Ctrl+C to shut down.
2026-06-15T20:18:42.0491681+00:00 ContainerStream: info: Microsoft.Hosting.Lifetime[0]
2026-06-15T20:18:42.0491807+00:00 ContainerStream:       Hosting environment: Development
2026-06-15T20:18:42.0496600+00:00 ContainerStream: info: Microsoft.Hosting.Lifetime[0]
2026-06-15T20:18:42.0496717+00:00 ContainerStream:       Content root path: /home/site/wwwroot
2026-06-15T20:18:42.5849781+00:00 ContainerStream: warn: Microsoft.AspNetCore.HttpsPolicy.HttpsRedirectionMiddleware[3]
2026-06-15T20:18:42.5850319+00:00 ContainerStream:       Failed to determine the https port for redirect.
2026-06-15T20:18:42.6109962+00:00 ContainerStatus: Site startup probe succeeded after 11.1348011 seconds.
2026-06-15T20:18:42.6741083+00:00 ContainerStatus: State: Starting, Action: WarmUpProbeSucceeded, LastError: , LastErrorTimestamp: 01/01/0001 00:00:00, LastErrorDetails: , Details: Site startup probe succeeded after 11.1348011 seconds., DetailsLevel: INFO
2026-06-15T20:18:42.7823546+00:00 ContainerStatus: Site is running with deployment version: 50f742e8-6254-4625-ba9f-46a67a15b585
2026-06-15T20:18:42.7827020+00:00 ContainerStatus: Site started.
2026-06-15T20:18:42.7828526+00:00 ContainerStatus: State: Started, Action: None, LastError: , LastErrorTimestamp: 01/01/0001 00:00:00, LastErrorDetails: , Details: Site started at 06/15/2026 20:18:42 (UTC), DetailsLevel: INFO
2026-06-15T20:18:42.7915255+00:00 ContainerStatus: Site is running with patch version DOTNETCORE 10.0.7
========== New Cold Start Attempt (2026-06-15T20:19:02.9242816+00:00) ==========
2026-06-15T20:19:02.9242816+00:00 ContainerStatus: State: Stopping, Action: StoppingSite, LastError: , LastErrorTimestamp: 01/01/0001 00:00:00, LastErrorDetails: , Details: Site started at 06/15/2026 20:16:38 (UTC), DetailsLevel: INFO
2026-06-15T20:19:02.9322616+00:00 ContainerStatus: State: Stopping, Action: StoppingSiteContainers, LastError: , LastErrorTimestamp: 01/01/0001 00:00:00, LastErrorDetails: , Details: Site started at 06/15/2026 20:16:38 (UTC), DetailsLevel: INFO
2026-06-15T20:19:02.9377195+00:00 ContainerStatus: Container is terminating. Grace period: 5 seconds.
2026-06-15T20:19:02.9609479+00:00 ContainerStatus: Stop and delete container. Retry count = 0
2026-06-15T20:19:02.9617452+00:00 ContainerStatus: Stopping container: 2f912505d986_app-api-healingassigns-dev.
2026-06-15T20:19:08.9062683+00:00 ContainerStatus: Deleting container: 2f912505d986_app-api-healingassigns-dev. Retry count = 0
2026-06-15T20:19:09.0599001+00:00 ContainerStatus: Container spec TerminationMessagePolicy  path 
2026-06-15T20:19:09.0628822+00:00 ContainerStatus: Container is terminated. Total time elapsed: 6123 ms.
2026-06-15T20:19:09.0657361+00:00 ContainerStatus: Site: app-api-healingassigns-dev stopped.
2026-06-15T20:21:09.9479970+00:00 ContainerStatus: State: Starting, Action: EstablishingSiteNetworks, LastError: , LastErrorTimestamp: 01/01/0001 00:00:00, LastErrorDetails: , Details: , DetailsLevel: INFO
2026-06-15T20:21:10.4565889+00:00 ContainerStatus: State: Starting, Action: StartingSiteContainers, LastError: , LastErrorTimestamp: 01/01/0001 00:00:00, LastErrorDetails: , Details: , DetailsLevel: INFO
2026-06-15T20:21:10.4567265+00:00 ContainerStatus: Container start method called.
2026-06-15T20:21:10.4567707+00:00 ContainerStatus: State: Starting, Action: PullingImage, LastError: , LastErrorTimestamp: 01/01/0001 00:00:00, LastErrorDetails: , Details: Pulling image 10.1.0.5:13209/appsvc/dotnetcore:10.0_20260504.4.tuxprod for app-api-healingassigns-dev., DetailsLevel: INFO
2026-06-15T20:21:10.4568939+00:00 ContainerStatus: Establishing network.
2026-06-15T20:21:10.4571335+00:00 ContainerStatus: Pulling image: appsvc/dotnetcore:10.0_20260504.4.tuxprod.
2026-06-15T20:21:10.7819800+00:00 ContainerStatus: Image appsvc/dotnetcore:10.0_20260504.4.tuxprod is pulled from registry 10.1.0.5:13209
2026-06-15T20:21:10.7821478+00:00 ContainerStatus: Container is starting.
2026-06-15T20:21:10.7822143+00:00 ContainerStatus: State: Starting, Action: MountingVolumes, LastError: , LastErrorTimestamp: 01/01/0001 00:00:00, LastErrorDetails: , Details: Mounting volumes for app-api-healingassigns-dev., DetailsLevel: INFO
2026-06-15T20:21:10.7823363+00:00 ContainerStatus: Establishing user namespace if not established already.
2026-06-15T20:21:10.7845697+00:00 ContainerStatus: Establishing network if not established already.
2026-06-15T20:21:10.7847400+00:00 ContainerStatus: Mounting volumes.
2026-06-15T20:21:10.7849652+00:00 ContainerStatus: Nested mountpoint 
2026-06-15T20:21:10.7874725+00:00 ContainerStatus: Nested mountpoint volatile/logs
2026-06-15T20:21:10.7937737+00:00 ContainerStatus: Nested mountpoint 
2026-06-15T20:21:10.7975446+00:00 ContainerStatus: Nested mountpoint 
2026-06-15T20:21:10.7982547+00:00 ContainerStatus: Nested mountpoint 
2026-06-15T20:21:10.9284797+00:00 ContainerStatus: State: Starting, Action: CreatingContainer, LastError: , LastErrorTimestamp: 01/01/0001 00:00:00, LastErrorDetails: , Details: Finished pulling container image and mounting volumes for app-api-healingassigns-dev. Allocatinng the rest of the container resources to finish container creation., DetailsLevel: INFO
2026-06-15T20:21:10.9286199+00:00 ContainerStatus: Creating container.
2026-06-15T20:21:10.9287515+00:00 ContainerStatus: Creating pipes for streaming container io.
2026-06-15T20:21:10.9289675+00:00 ContainerStatus: Creating stdout named pipe at /podr/container/pipe/61849c0b399b_app-api-healingassigns-dev/stdout_0b9fd9d039e549c9b799b68c19fd59a3.
2026-06-15T20:21:10.9293090+00:00 ContainerStatus: Successfully created stdout named pipe at: /podr/container/pipe/61849c0b399b_app-api-healingassigns-dev/stdout_0b9fd9d039e549c9b799b68c19fd59a3.
2026-06-15T20:21:10.9294371+00:00 ContainerStatus: Opening named pipe /podr/container/pipe/61849c0b399b_app-api-healingassigns-dev/stdout_0b9fd9d039e549c9b799b68c19fd59a3 for reading in non-blocking mode.
2026-06-15T20:21:10.9295773+00:00 ContainerStatus: Successfully opened named pipe: /podr/container/pipe/61849c0b399b_app-api-healingassigns-dev/stdout_0b9fd9d039e549c9b799b68c19fd59a3.
2026-06-15T20:21:10.9297030+00:00 ContainerStatus: Successfully removed non-blocking flag from /podr/container/pipe/61849c0b399b_app-api-healingassigns-dev/stdout_0b9fd9d039e549c9b799b68c19fd59a3.
2026-06-15T20:21:10.9299272+00:00 ContainerStatus: Creating stderr named pipe at /podr/container/pipe/61849c0b399b_app-api-healingassigns-dev/stderr_5f86826e778b4b35be2fd2cd028fd1ea.
2026-06-15T20:21:10.9300938+00:00 ContainerStatus: Successfully created stderr named pipe at: /podr/container/pipe/61849c0b399b_app-api-healingassigns-dev/stderr_5f86826e778b4b35be2fd2cd028fd1ea.
2026-06-15T20:21:10.9302381+00:00 ContainerStatus: Opening named pipe /podr/container/pipe/61849c0b399b_app-api-healingassigns-dev/stderr_5f86826e778b4b35be2fd2cd028fd1ea for reading in non-blocking mode.
2026-06-15T20:21:10.9303991+00:00 ContainerStatus: Successfully opened named pipe: /podr/container/pipe/61849c0b399b_app-api-healingassigns-dev/stderr_5f86826e778b4b35be2fd2cd028fd1ea.
2026-06-15T20:21:10.9322044+00:00 ContainerStatus: Successfully removed non-blocking flag from /podr/container/pipe/61849c0b399b_app-api-healingassigns-dev/stderr_5f86826e778b4b35be2fd2cd028fd1ea.
2026-06-15T20:21:10.9323871+00:00 ContainerStatus: Creating container with image: appsvc/dotnetcore:10.0_20260504.4.tuxprod from registry: 10.1.0.5:13209 and fully qualified image name: 10.1.0.5:13209/appsvc/dotnetcore:10.0_20260504.4.tuxprod
2026-06-15T20:21:12.1524953+00:00 ContainerStatus: Starting container: 61849c0b399b_app-api-healingassigns-dev.
2026-06-15T20:21:12.1739877+00:00 ContainerStatus: Starting watchers and probes.
2026-06-15T20:21:12.1742790+00:00 ContainerStatus: Starting metrics collection.
2026-06-15T20:21:12.1747199+00:00 ContainerStatus: Container is running.
2026-06-15T20:21:12.1748419+00:00 ContainerStatus: State: Starting, Action: CreatingContainer, LastError: , LastErrorTimestamp: 01/01/0001 00:00:00, LastErrorDetails: , Details: Container app-api-healingassigns-dev successfully created and is running., DetailsLevel: INFO
2026-06-15T20:21:12.1964343+00:00 ContainerStatus: Container start method finished after 1739 ms.
2026-06-15T20:21:12.1966720+00:00 ContainerStatus: State: Starting, Action: InitiatingSiteWarmUpProbe, LastError: , LastErrorTimestamp: 01/01/0001 00:00:00, LastErrorDetails: , Details: Container app-api-healingassigns-dev successfully created and is running., DetailsLevel: INFO
2026-06-15T20:21:12.1967554+00:00 ContainerStatus: State: Starting, Action: WaitingForSiteWarmUpProbeSuccess, LastError: , LastErrorTimestamp: 01/01/0001 00:00:00, LastErrorDetails: , Details: Pinging warmup path to ensure container is ready to receive requests., DetailsLevel: INFO
2026-06-15T20:21:12.2555803+00:00 ContainerStream:    _____                               
2026-06-15T20:21:12.2557429+00:00 ContainerStream:   /  _  \ __________ _________   ____  
2026-06-15T20:21:12.2557633+00:00 ContainerStream:  /  /_\  \\___   /  |  \_  __ \_/ __ \ 
2026-06-15T20:21:12.2557681+00:00 ContainerStream: /    |    \/    /|  |  /|  | \/\  ___/ 
2026-06-15T20:21:12.2557721+00:00 ContainerStream: \____|__  /_____ \____/ |__|    \___  >
2026-06-15T20:21:12.2557767+00:00 ContainerStream:         \/      \/                  \/ 
2026-06-15T20:21:12.2557803+00:00 ContainerStream: A P P   S E R V I C E   O N   L I N U X
2026-06-15T20:21:12.2557831+00:00 ContainerStream: 
2026-06-15T20:21:12.2557865+00:00 ContainerStream: Documentation       : http://aka.ms/webapp-linux
2026-06-15T20:21:12.2557977+00:00 ContainerStream: Dotnet quickstart   : https://aka.ms/dotnet-qs
2026-06-15T20:21:12.2558013+00:00 ContainerStream: ASP .NETCore Version: 10.0.7
2026-06-15T20:21:12.2558044+00:00 ContainerStream: Instance Name       : 10-30-0-187
2026-06-15T20:21:12.2558083+00:00 ContainerStream: Instance Id         : e810352f4b36088642b979852abe5d5ce3112c2251d97b45d306beb6d36b0a83
2026-06-15T20:21:12.2558112+00:00 ContainerStream: 
2026-06-15T20:21:12.2558145+00:00 ContainerStream: Note: Any data outside '/home' is not persisted
2026-06-15T20:21:13.2634138+00:00 ContainerStream:  * Starting OpenBSD Secure Shell server sshd
2026-06-15T20:21:13.2788872+00:00 ContainerStream:    ...done.
2026-06-15T20:21:13.2841254+00:00 ContainerStream: WEBSITES_INCLUDE_CLOUD_CERTS is not set to true.
2026-06-15T20:21:13.3100500+00:00 ContainerStream: Updating certificates in /etc/ssl/certs...
2026-06-15T20:21:19.8908022+00:00 ContainerStream: rehash: warning: skipping duplicate certificate in SSLcom-TLS-Root-2022-ECC.pem
2026-06-15T20:21:19.8917465+00:00 ContainerStream: rehash: warning: skipping duplicate certificate in SSLcom-TLS-Root-2022-RSA.pem
2026-06-15T20:21:19.9935423+00:00 ContainerStream: rehash: warning: skipping ca-certificates.crt,it does not contain exactly one certificate or CRL
2026-06-15T20:21:20.0094761+00:00 ContainerStream: 4 added, 0 removed; done.
2026-06-15T20:21:20.0095277+00:00 ContainerStream: Running hooks in /etc/ca-certificates/update.d...
2026-06-15T20:21:20.0120963+00:00 ContainerStream: done.
2026-06-15T20:21:20.0208664+00:00 ContainerStream: CA certificates copied and updated successfully.
2026-06-15T20:21:20.0913672+00:00 ContainerStream:  * Starting periodic command scheduler cron
2026-06-15T20:21:20.0971257+00:00 ContainerStream:    ...done.
2026-06-15T20:21:20.1023723+00:00 ContainerStream: Running oryx create-script -appPath /home/site/wwwroot -output /opt/startup/startup.sh -defaultAppFilePath /defaulthome/hostingstart/hostingstart.dll     -bindPort 8080 -bindPort2 '' -userStartupCommand '' 
2026-06-15T20:21:20.2099019+00:00 ContainerStream: Could not find build manifest file at '/home/site/wwwroot/oryx-manifest.toml'
2026-06-15T20:21:20.2099313+00:00 ContainerStream: Could not find operation ID in manifest. Generating an operation id...
2026-06-15T20:21:20.2099354+00:00 ContainerStream: Build Operation ID: 25e707e8-f566-4a2d-b076-7cff366db53d
2026-06-15T20:21:20.3648345+00:00 ContainerStream: 
2026-06-15T20:21:20.3648981+00:00 ContainerStream: Agent extension 
2026-06-15T20:21:20.3649036+00:00 ContainerStream: Before if loop >> DotNet Runtime 
2026-06-15T20:21:20.3945158+00:00 ContainerStream: DotNet Runtime 10.0Writing output script to '/opt/startup/startup.sh'
2026-06-15T20:21:20.4882851+00:00 ContainerStream: Trying to find the startup DLL name...
2026-06-15T20:21:20.4883716+00:00 ContainerStream: Found the startup D name: HealingAssigns.Api.dll
2026-06-15T20:21:20.4883760+00:00 ContainerStream: Running the command: dotnet "HealingAssigns.Api.dll"
2026-06-15T20:21:22.5058131+00:00 ContainerStream: info: Microsoft.Hosting.Lifetime[14]
2026-06-15T20:21:22.5058592+00:00 ContainerStream:       Now listening on: http://[::]:8080
2026-06-15T20:21:22.5093605+00:00 ContainerStream: info: Microsoft.Hosting.Lifetime[0]
2026-06-15T20:21:22.5093897+00:00 ContainerStream:       Application started. Press Ctrl+C to shut down.
2026-06-15T20:21:22.5109983+00:00 ContainerStream: info: Microsoft.Hosting.Lifetime[0]
2026-06-15T20:21:22.5110205+00:00 ContainerStream:       Hosting environment: Development
2026-06-15T20:21:22.5110249+00:00 ContainerStream: info: Microsoft.Hosting.Lifetime[0]
2026-06-15T20:21:22.5110290+00:00 ContainerStream:       Content root path: /home/site/wwwroot
2026-06-15T20:21:24.1612136+00:00 ContainerStream: warn: Microsoft.AspNetCore.HttpsPolicy.HttpsRedirectionMiddleware[3]
2026-06-15T20:21:24.1612882+00:00 ContainerStream:       Failed to determine the https port for redirect.
2026-06-15T20:21:24.1799867+00:00 ContainerStatus: Site startup probe succeeded after 11.9826944 seconds.
2026-06-15T20:21:24.2637791+00:00 ContainerStatus: State: Starting, Action: WarmUpProbeSucceeded, LastError: , LastErrorTimestamp: 01/01/0001 00:00:00, LastErrorDetails: , Details: Site startup probe succeeded after 11.9826944 seconds., DetailsLevel: INFO
2026-06-15T20:21:24.4643286+00:00 ContainerStatus: Site is running with deployment version: c255dddb-03f6-4dc0-8514-34de201d17ff
2026-06-15T20:21:24.4645829+00:00 ContainerStatus: Site started.
2026-06-15T20:21:24.4646437+00:00 ContainerStatus: State: Started, Action: None, LastError: , LastErrorTimestamp: 01/01/0001 00:00:00, LastErrorDetails: , Details: Site started at 06/15/2026 20:21:24 (UTC), DetailsLevel: INFO
2026-06-15T20:21:24.4648254+00:00 ContainerStatus: Site is running with patch version DOTNETCORE 10.0.7
