2026-06-15T20:21:44.5525904+00:00 ContainerStatus: State: Stopping, Action: StoppingSiteContainers, LastError: , LastErrorTimestamp: 01/01/0001 00:00:00, LastErrorDetails: , Details: Site started at 06/15/2026 20:18:42 (UTC), DetailsLevel: INFO
2026-06-15T20:21:44.5528174+00:00 ContainerStatus: Container is terminating. Grace period: 5 seconds.
2026-06-15T20:21:44.5643183+00:00 ContainerStatus: Stop and delete container. Retry count = 0
2026-06-15T20:21:44.5644906+00:00 ContainerStatus: Stopping container: fda2d7a0ac6e_app-api-healingassigns-dev.
2026-06-15T20:21:49.6223110+00:00 ContainerStatus: Deleting container: fda2d7a0ac6e_app-api-healingassigns-dev. Retry count = 0
2026-06-15T20:21:49.7176995+00:00 ContainerStatus: Container spec TerminationMessagePolicy  path 
2026-06-15T20:21:49.7181855+00:00 ContainerStatus: Container is terminated. Total time elapsed: 5165 ms.
2026-06-15T20:21:49.7183214+00:00 ContainerStatus: Site: app-api-healingassigns-dev stopped.
2026-06-15T22:04:05.7462309+00:00 ContainerStatus: State: Starting, Action: EstablishingSiteNetworks, LastError: , LastErrorTimestamp: 01/01/0001 00:00:00, LastErrorDetails: , Details: , DetailsLevel: INFO
2026-06-15T22:04:07.5785931+00:00 ContainerStatus: State: Starting, Action: StartingMsiContainer, LastError: , LastErrorTimestamp: 01/01/0001 00:00:00, LastErrorDetails: , Details: , DetailsLevel: INFO
2026-06-15T22:04:10.4471485+00:00 ContainerStatus: Site container: app-api-healingassigns-dev_managedIdentity terminated during site startup.
2026-06-15T22:04:10.4609627+00:00 ContainerStatus: ManagedIdentity container failed to startup
2026-06-15T22:04:10.4612008+00:00 ContainerStatus: State: Starting, Action: StartingMsiContainer, LastError: , LastErrorTimestamp: 01/01/0001 00:00:00, LastErrorDetails: , Details: Managed Identity container: app-api-healingassigns-dev_managedIdentity terminated during site startup. Cancelling site start up., DetailsLevel: INFO
2026-06-15T22:04:10.4786934+00:00 ContainerStatus: State: Starting, Action: StartingMsiContainer, LastError: ImagePullFailure, LastErrorTimestamp: 06/15/2026 22:04:10, LastErrorDetails: Failed to pull image: mcr.microsoft.com/appsvc/msitokenservice:stage5. Failed to fetch token. Pull resulted in forbidden (403) or unauthorized (401)., Details: Managed Identity container: app-api-healingassigns-dev_managedIdentity terminated during site startup. Cancelling site start up., DetailsLevel: ERR
2026-06-15T22:04:10.4900497+00:00 ContainerStatus: Failed to start site. Revert by stopping site.
2026-06-15T22:04:10.5101755+00:00 ContainerStatus: State: Stopping, Action: StoppingSite, LastError: ImagePullFailure, LastErrorTimestamp: 06/15/2026 22:04:10, LastErrorDetails: Failed to pull image: mcr.microsoft.com/appsvc/msitokenservice:stage5. Failed to fetch token. Pull resulted in forbidden (403) or unauthorized (401)., Details: Managed Identity container: app-api-healingassigns-dev_managedIdentity terminated during site startup. Cancelling site start up., DetailsLevel: ERR
2026-06-15T22:04:10.5207842+00:00 ContainerStatus: State: Stopping, Action: StoppingSiteContainers, LastError: ImagePullFailure, LastErrorTimestamp: 06/15/2026 22:04:10, LastErrorDetails: Failed to pull image: mcr.microsoft.com/appsvc/msitokenservice:stage5. Failed to fetch token. Pull resulted in forbidden (403) or unauthorized (401)., Details: Managed Identity container: app-api-healingassigns-dev_managedIdentity terminated during site startup. Cancelling site start up., DetailsLevel: ERR
2026-06-15T22:04:10.5208519+00:00 ContainerStatus: Site: app-api-healingassigns-dev stopped.
========== New Cold Start Attempt (2026-06-15T22:04:30.9960204+00:00) ==========
2026-06-15T22:04:30.9960204+00:00 ContainerStatus: State: Stopping, Action: StoppingSiteContainers, LastError: , LastErrorTimestamp: 01/01/0001 00:00:00, LastErrorDetails: , Details: Site started at 06/15/2026 20:21:24 (UTC), DetailsLevel: INFO
2026-06-15T22:04:30.9962494+00:00 ContainerStatus: Container is terminating. Grace period: 5 seconds.
2026-06-15T22:04:31.0386969+00:00 ContainerStatus: Stop and delete container. Retry count = 0
2026-06-15T22:04:31.0388576+00:00 ContainerStatus: Stopping container: 61849c0b399b_app-api-healingassigns-dev.
2026-06-15T22:04:36.0927463+00:00 ContainerStatus: Deleting container: 61849c0b399b_app-api-healingassigns-dev. Retry count = 0
2026-06-15T22:04:36.2037963+00:00 ContainerStatus: Container spec TerminationMessagePolicy  path 
2026-06-15T22:04:36.2039987+00:00 ContainerStatus: Container is terminated. Total time elapsed: 5207 ms.
2026-06-15T22:04:36.2042350+00:00 ContainerStatus: Site: app-api-healingassigns-dev stopped.
2026-06-15T22:04:10.5304086+00:00 ContainerStatus: State: Stopping, Action: UnmountingVolumes, LastError: ImagePullFailure, LastErrorTimestamp: 06/15/2026 22:04:10, LastErrorDetails: Failed to pull image: mcr.microsoft.com/appsvc/msitokenservice:stage5. Failed to fetch token. Pull resulted in forbidden (403) or unauthorized (401)., Details: Managed Identity container: app-api-healingassigns-dev_managedIdentity terminated during site startup. Cancelling site start up., DetailsLevel: ERR
2026-06-15T22:04:10.6056448+00:00 ContainerStatus: State: Stopping, Action: StoppingSiteNetworks, LastError: ImagePullFailure, LastErrorTimestamp: 06/15/2026 22:04:10, LastErrorDetails: Failed to pull image: mcr.microsoft.com/appsvc/msitokenservice:stage5. Failed to fetch token. Pull resulted in forbidden (403) or unauthorized (401)., Details: Managed Identity container: app-api-healingassigns-dev_managedIdentity terminated during site startup. Cancelling site start up., DetailsLevel: ERR
2026-06-15T22:04:10.7415659+00:00 ContainerStatus: State: Stopped, Action: None, LastError: ImagePullFailure, LastErrorTimestamp: 06/15/2026 22:04:10, LastErrorDetails: Failed to pull image: mcr.microsoft.com/appsvc/msitokenservice:stage5. Failed to fetch token. Pull resulted in forbidden (403) or unauthorized (401)., Details: Site stopped at 06/15/2026 22:04:10 (UTC), DetailsLevel: ERR
2026-06-15T22:07:30.0358211+00:00 ContainerStatus: State: Starting, Action: EstablishingSiteNetworks, LastError: ImagePullFailure, LastErrorTimestamp: 06/15/2026 22:04:10, LastErrorDetails: Failed to pull image: mcr.microsoft.com/appsvc/msitokenservice:stage5. Failed to fetch token. Pull resulted in forbidden (403) or unauthorized (401)., Details: Site stopped at 06/15/2026 22:04:10 (UTC), DetailsLevel: ERR
2026-06-15T22:07:31.6746876+00:00 ContainerStatus: State: Starting, Action: StartingMsiContainer, LastError: ImagePullFailure, LastErrorTimestamp: 06/15/2026 22:04:10, LastErrorDetails: Failed to pull image: mcr.microsoft.com/appsvc/msitokenservice:stage5. Failed to fetch token. Pull resulted in forbidden (403) or unauthorized (401)., Details: Site stopped at 06/15/2026 22:04:10 (UTC), DetailsLevel: ERR
2026-06-15T22:07:34.1483804+00:00 ContainerStatus: Site container: app-api-healingassigns-dev_managedIdentity terminated during site startup.
2026-06-15T22:07:34.1500309+00:00 ContainerStatus: ManagedIdentity container failed to startup
2026-06-15T22:07:34.1587119+00:00 ContainerStatus: State: Starting, Action: StartingMsiContainer, LastError: ImagePullFailure, LastErrorTimestamp: 06/15/2026 22:04:10, LastErrorDetails: Failed to pull image: mcr.microsoft.com/appsvc/msitokenservice:stage5. Failed to fetch token. Pull resulted in forbidden (403) or unauthorized (401)., Details: Managed Identity container: app-api-healingassigns-dev_managedIdentity terminated during site startup. Cancelling site start up., DetailsLevel: ERR
2026-06-15T22:07:34.1598245+00:00 ContainerStatus: State: Starting, Action: StartingMsiContainer, LastError: ImagePullUnauthorizedFailure, LastErrorTimestamp: 06/15/2026 22:07:34, LastErrorDetails: Failed to pull image: mcr.microsoft.com/appsvc/msitokenservice:stage5. Image pull failed with forbidden or unauthorized. Check registry credentials., Details: Managed Identity container: app-api-healingassigns-dev_managedIdentity terminated during site startup. Cancelling site start up., DetailsLevel: ERR
2026-06-15T22:07:34.1652428+00:00 ContainerStatus: Failed to start site. Revert by stopping site.
2026-06-15T22:07:34.1653740+00:00 ContainerStatus: State: Stopping, Action: StoppingSite, LastError: ImagePullUnauthorizedFailure, LastErrorTimestamp: 06/15/2026 22:07:34, LastErrorDetails: Failed to pull image: mcr.microsoft.com/appsvc/msitokenservice:stage5. Image pull failed with forbidden or unauthorized. Check registry credentials., Details: Managed Identity container: app-api-healingassigns-dev_managedIdentity terminated during site startup. Cancelling site start up., DetailsLevel: ERR
2026-06-15T22:07:34.1655811+00:00 ContainerStatus: State: Stopping, Action: StoppingSiteContainers, LastError: ImagePullUnauthorizedFailure, LastErrorTimestamp: 06/15/2026 22:07:34, LastErrorDetails: Failed to pull image: mcr.microsoft.com/appsvc/msitokenservice:stage5. Image pull failed with forbidden or unauthorized. Check registry credentials., Details: Managed Identity container: app-api-healingassigns-dev_managedIdentity terminated during site startup. Cancelling site start up., DetailsLevel: ERR
2026-06-15T22:07:34.1664341+00:00 ContainerStatus: Site: app-api-healingassigns-dev stopped.
