2026-06-15T20:15:37.7436959Z State: Starting, Action: EstablishingSiteNetworks, LastError: , LastErrorTimestamp: 01/01/0001 00:00:00, LastErrorDetails: , Details: , DetailsLevel: INFO
2026-06-15T20:15:39.2723820Z State: Starting, Action: StartingSiteContainers, LastError: , LastErrorTimestamp: 01/01/0001 00:00:00, LastErrorDetails: , Details: , DetailsLevel: INFO
2026-06-15T20:15:39.2750776Z Container start method called.
2026-06-15T20:15:39.2835345Z State: Starting, Action: PullingImage, LastError: , LastErrorTimestamp: 01/01/0001 00:00:00, LastErrorDetails: , Details: Pulling image 10.1.0.4:13209/appsvc/dotnetcore:10.0_20260504.4.tuxprod for app-api-healingassigns-dev., DetailsLevel: INFO
2026-06-15T20:15:39.2838257Z Establishing network.
2026-06-15T20:15:39.2869811Z Pulling image: appsvc/dotnetcore:10.0_20260504.4.tuxprod.
2026-06-15T20:16:04.3167685Z Image appsvc/dotnetcore:10.0_20260504.4.tuxprod is pulled from registry 10.1.0.4:13209
2026-06-15T20:16:04.3289236Z Container is starting.
2026-06-15T20:16:04.4099189Z State: Starting, Action: MountingVolumes, LastError: , LastErrorTimestamp: 01/01/0001 00:00:00, LastErrorDetails: , Details: Mounting volumes for app-api-healingassigns-dev., DetailsLevel: INFO
2026-06-15T20:16:04.4102002Z Establishing user namespace if not established already.
2026-06-15T20:16:04.4104421Z Establishing network if not established already.
2026-06-15T20:16:04.4109862Z Mounting volumes.
2026-06-15T20:16:04.4179630Z Nested mountpoint 
2026-06-15T20:16:04.5240589Z Nested mountpoint volatile/logs
2026-06-15T20:16:04.7656096Z Nested mountpoint 
2026-06-15T20:16:05.1663116Z Nested mountpoint 
2026-06-15T20:16:05.1689591Z Nested mountpoint 
2026-06-15T20:16:05.7715999Z State: Starting, Action: CreatingContainer, LastError: , LastErrorTimestamp: 01/01/0001 00:00:00, LastErrorDetails: , Details: Finished pulling container image and mounting volumes for app-api-healingassigns-dev. Allocatinng the rest of the container resources to finish container creation., DetailsLevel: INFO
2026-06-15T20:16:05.7718605Z Creating container.
2026-06-15T20:16:05.7748104Z Creating pipes for streaming container io.
2026-06-15T20:16:05.7754944Z Creating stdout named pipe at /podr/container/pipe/2f912505d986_app-api-healingassigns-dev/stdout_9c55d3755bfc4401ad77e72a1e52c4ee.
2026-06-15T20:16:05.7760016Z Successfully created stdout named pipe at: /podr/container/pipe/2f912505d986_app-api-healingassigns-dev/stdout_9c55d3755bfc4401ad77e72a1e52c4ee.
2026-06-15T20:16:05.7767826Z Opening named pipe /podr/container/pipe/2f912505d986_app-api-healingassigns-dev/stdout_9c55d3755bfc4401ad77e72a1e52c4ee for reading in non-blocking mode.
2026-06-15T20:16:05.7769389Z Successfully opened named pipe: /podr/container/pipe/2f912505d986_app-api-healingassigns-dev/stdout_9c55d3755bfc4401ad77e72a1e52c4ee.
2026-06-15T20:16:05.7773510Z Successfully removed non-blocking flag from /podr/container/pipe/2f912505d986_app-api-healingassigns-dev/stdout_9c55d3755bfc4401ad77e72a1e52c4ee.
2026-06-15T20:16:05.7783500Z Creating stderr named pipe at /podr/container/pipe/2f912505d986_app-api-healingassigns-dev/stderr_ec6b61b403154108844121e534fa0592.
2026-06-15T20:16:05.7788500Z Successfully created stderr named pipe at: /podr/container/pipe/2f912505d986_app-api-healingassigns-dev/stderr_ec6b61b403154108844121e534fa0592.
2026-06-15T20:16:05.7791099Z Opening named pipe /podr/container/pipe/2f912505d986_app-api-healingassigns-dev/stderr_ec6b61b403154108844121e534fa0592 for reading in non-blocking mode.
2026-06-15T20:16:05.7792648Z Successfully opened named pipe: /podr/container/pipe/2f912505d986_app-api-healingassigns-dev/stderr_ec6b61b403154108844121e534fa0592.
2026-06-15T20:16:05.7794710Z Successfully removed non-blocking flag from /podr/container/pipe/2f912505d986_app-api-healingassigns-dev/stderr_ec6b61b403154108844121e534fa0592.
2026-06-15T20:16:05.7832977Z Creating container with image: appsvc/dotnetcore:10.0_20260504.4.tuxprod from registry: 10.1.0.4:13209 and fully qualified image name: 10.1.0.4:13209/appsvc/dotnetcore:10.0_20260504.4.tuxprod
2026-06-15T20:16:08.6096792Z Starting container: 2f912505d986_app-api-healingassigns-dev.
2026-06-15T20:16:08.8052831Z Starting watchers and probes.
2026-06-15T20:16:08.9516774Z Starting metrics collection.
2026-06-15T20:16:08.9664301Z Container is running.
2026-06-15T20:16:08.9682790Z State: Starting, Action: CreatingContainer, LastError: , LastErrorTimestamp: 01/01/0001 00:00:00, LastErrorDetails: , Details: Container app-api-healingassigns-dev successfully created and is running., DetailsLevel: INFO
2026-06-15T20:16:09.2410861Z Container start method finished after 29965 ms.
2026-06-15T20:16:09.2415308Z State: Starting, Action: InitiatingSiteWarmUpProbe, LastError: , LastErrorTimestamp: 01/01/0001 00:00:00, LastErrorDetails: , Details: Container app-api-healingassigns-dev successfully created and is running., DetailsLevel: INFO
2026-06-15T20:16:09.4103532Z State: Starting, Action: WaitingForSiteWarmUpProbeSuccess, LastError: , LastErrorTimestamp: 01/01/0001 00:00:00, LastErrorDetails: , Details: Pinging warmup path to ensure container is ready to receive requests., DetailsLevel: INFO
2026-06-15T20:16:38.1325854Z Site startup probe succeeded after 28.6973718 seconds.
2026-06-15T20:16:38.3514952Z State: Starting, Action: WarmUpProbeSucceeded, LastError: , LastErrorTimestamp: 01/01/0001 00:00:00, LastErrorDetails: , Details: Site startup probe succeeded after 28.6973718 seconds., DetailsLevel: INFO
2026-06-15T20:16:38.6476476Z Site is running with deployment version: 06add8f0-9600-483c-a649-e1b5f2f7c71f
2026-06-15T20:16:38.6554769Z Site started.
2026-06-15T20:16:38.6556435Z State: Started, Action: None, LastError: , LastErrorTimestamp: 01/01/0001 00:00:00, LastErrorDetails: , Details: Site started at 06/15/2026 20:16:38 (UTC), DetailsLevel: INFO
2026-06-15T20:16:38.7261693Z Site is running with patch version DOTNETCORE 10.0.7
2026-06-15T20:18:29.4307474Z State: Starting, Action: EstablishingSiteNetworks, LastError: , LastErrorTimestamp: 01/01/0001 00:00:00, LastErrorDetails: , Details: , DetailsLevel: INFO
2026-06-15T20:18:29.9070969Z State: Starting, Action: StartingSiteContainers, LastError: , LastErrorTimestamp: 01/01/0001 00:00:00, LastErrorDetails: , Details: , DetailsLevel: INFO
2026-06-15T20:18:29.9082000Z Container start method called.
2026-06-15T20:18:29.9098394Z State: Starting, Action: PullingImage, LastError: , LastErrorTimestamp: 01/01/0001 00:00:00, LastErrorDetails: , Details: Pulling image 10.1.0.4:13209/appsvc/dotnetcore:10.0_20260504.4.tuxprod for app-api-healingassigns-dev., DetailsLevel: INFO
2026-06-15T20:18:29.9104349Z Establishing network.
2026-06-15T20:18:29.9114187Z Pulling image: appsvc/dotnetcore:10.0_20260504.4.tuxprod.
2026-06-15T20:18:30.5286601Z Container is starting.
2026-06-15T20:18:30.5291951Z State: Starting, Action: MountingVolumes, LastError: , LastErrorTimestamp: 01/01/0001 00:00:00, LastErrorDetails: , Details: Mounting volumes for app-api-healingassigns-dev., DetailsLevel: INFO
2026-06-15T20:18:30.5299368Z Establishing user namespace if not established already.
2026-06-15T20:18:30.5309631Z Establishing network if not established already.
2026-06-15T20:18:30.5314914Z Mounting volumes.
2026-06-15T20:18:30.5328667Z Nested mountpoint 
2026-06-15T20:18:30.5353196Z Nested mountpoint volatile/logs
2026-06-15T20:18:30.5509232Z Nested mountpoint 
2026-06-15T20:18:30.5517504Z Nested mountpoint 
2026-06-15T20:18:30.5620462Z Nested mountpoint 
2026-06-15T20:18:30.7447433Z State: Starting, Action: CreatingContainer, LastError: , LastErrorTimestamp: 01/01/0001 00:00:00, LastErrorDetails: , Details: Finished pulling container image and mounting volumes for app-api-healingassigns-dev. Allocatinng the rest of the container resources to finish container creation., DetailsLevel: INFO
2026-06-15T20:18:30.7449037Z Creating container.
2026-06-15T20:18:30.7450441Z Creating pipes for streaming container io.
2026-06-15T20:18:30.7451643Z Creating stdout named pipe at /podr/container/pipe/fda2d7a0ac6e_app-api-healingassigns-dev/stdout_0f2e7bf6a4ea4b478a0c7f3a008400bb.
2026-06-15T20:18:30.7453997Z Successfully created stdout named pipe at: /podr/container/pipe/fda2d7a0ac6e_app-api-healingassigns-dev/stdout_0f2e7bf6a4ea4b478a0c7f3a008400bb.
2026-06-15T20:18:30.7455112Z Opening named pipe /podr/container/pipe/fda2d7a0ac6e_app-api-healingassigns-dev/stdout_0f2e7bf6a4ea4b478a0c7f3a008400bb for reading in non-blocking mode.
2026-06-15T20:18:30.7456449Z Successfully opened named pipe: /podr/container/pipe/fda2d7a0ac6e_app-api-healingassigns-dev/stdout_0f2e7bf6a4ea4b478a0c7f3a008400bb.
2026-06-15T20:18:30.7457655Z Successfully removed non-blocking flag from /podr/container/pipe/fda2d7a0ac6e_app-api-healingassigns-dev/stdout_0f2e7bf6a4ea4b478a0c7f3a008400bb.
2026-06-15T20:18:30.7480179Z Creating stderr named pipe at /podr/container/pipe/fda2d7a0ac6e_app-api-healingassigns-dev/stderr_aa268457be864e6591d91fd2384257cf.
2026-06-15T20:18:30.7491458Z Successfully created stderr named pipe at: /podr/container/pipe/fda2d7a0ac6e_app-api-healingassigns-dev/stderr_aa268457be864e6591d91fd2384257cf.
2026-06-15T20:18:30.7499468Z Opening named pipe /podr/container/pipe/fda2d7a0ac6e_app-api-healingassigns-dev/stderr_aa268457be864e6591d91fd2384257cf for reading in non-blocking mode.
2026-06-15T20:18:30.7508761Z Successfully opened named pipe: /podr/container/pipe/fda2d7a0ac6e_app-api-healingassigns-dev/stderr_aa268457be864e6591d91fd2384257cf.
2026-06-15T20:18:30.7510955Z Successfully removed non-blocking flag from /podr/container/pipe/fda2d7a0ac6e_app-api-healingassigns-dev/stderr_aa268457be864e6591d91fd2384257cf.
2026-06-15T20:18:30.7522826Z Creating container with image: appsvc/dotnetcore:10.0_20260504.4.tuxprod from registry: 10.1.0.4:13209 and fully qualified image name: 10.1.0.4:13209/appsvc/dotnetcore:10.0_20260504.4.tuxprod
2026-06-15T20:18:31.4097216Z Starting container: fda2d7a0ac6e_app-api-healingassigns-dev.
2026-06-15T20:18:31.4272475Z Starting watchers and probes.
2026-06-15T20:18:31.4275843Z Starting metrics collection.
2026-06-15T20:18:31.4277650Z Container is running.
2026-06-15T20:18:31.4279182Z State: Starting, Action: CreatingContainer, LastError: , LastErrorTimestamp: 01/01/0001 00:00:00, LastErrorDetails: , Details: Container app-api-healingassigns-dev successfully created and is running., DetailsLevel: INFO
2026-06-15T20:18:31.4750540Z Container start method finished after 1565 ms.
2026-06-15T20:18:31.4753386Z State: Starting, Action: InitiatingSiteWarmUpProbe, LastError: , LastErrorTimestamp: 01/01/0001 00:00:00, LastErrorDetails: , Details: Container app-api-healingassigns-dev successfully created and is running., DetailsLevel: INFO
2026-06-15T20:18:31.4754050Z State: Starting, Action: WaitingForSiteWarmUpProbeSuccess, LastError: , LastErrorTimestamp: 01/01/0001 00:00:00, LastErrorDetails: , Details: Pinging warmup path to ensure container is ready to receive requests., DetailsLevel: INFO
2026-06-15T20:18:42.6109962Z Site startup probe succeeded after 11.1348011 seconds.
2026-06-15T20:18:42.6741083Z State: Starting, Action: WarmUpProbeSucceeded, LastError: , LastErrorTimestamp: 01/01/0001 00:00:00, LastErrorDetails: , Details: Site startup probe succeeded after 11.1348011 seconds., DetailsLevel: INFO
2026-06-15T20:18:42.7823546Z Site is running with deployment version: 50f742e8-6254-4625-ba9f-46a67a15b585
2026-06-15T20:18:42.7827020Z Site started.
2026-06-15T20:18:42.7828526Z State: Started, Action: None, LastError: , LastErrorTimestamp: 01/01/0001 00:00:00, LastErrorDetails: , Details: Site started at 06/15/2026 20:18:42 (UTC), DetailsLevel: INFO
2026-06-15T20:18:42.7915255Z Site is running with patch version DOTNETCORE 10.0.7
2026-06-15T20:19:02.9242816Z State: Stopping, Action: StoppingSite, LastError: , LastErrorTimestamp: 01/01/0001 00:00:00, LastErrorDetails: , Details: Site started at 06/15/2026 20:16:38 (UTC), DetailsLevel: INFO
2026-06-15T20:19:02.9322616Z State: Stopping, Action: StoppingSiteContainers, LastError: , LastErrorTimestamp: 01/01/0001 00:00:00, LastErrorDetails: , Details: Site started at 06/15/2026 20:16:38 (UTC), DetailsLevel: INFO
2026-06-15T20:19:02.9377195Z Container is terminating. Grace period: 5 seconds.
2026-06-15T20:19:02.9609479Z Stop and delete container. Retry count = 0
2026-06-15T20:19:02.9617452Z Stopping container: 2f912505d986_app-api-healingassigns-dev.
2026-06-15T20:19:08.9062683Z Deleting container: 2f912505d986_app-api-healingassigns-dev. Retry count = 0
2026-06-15T20:19:09.0599001Z Container spec TerminationMessagePolicy  path 
2026-06-15T20:19:09.0628822Z Container is terminated. Total time elapsed: 6123 ms.
2026-06-15T20:19:09.0657361Z Site: app-api-healingassigns-dev stopped.
2026-06-15T20:21:09.9479970Z State: Starting, Action: EstablishingSiteNetworks, LastError: , LastErrorTimestamp: 01/01/0001 00:00:00, LastErrorDetails: , Details: , DetailsLevel: INFO
2026-06-15T20:21:10.4565889Z State: Starting, Action: StartingSiteContainers, LastError: , LastErrorTimestamp: 01/01/0001 00:00:00, LastErrorDetails: , Details: , DetailsLevel: INFO
2026-06-15T20:21:10.4567265Z Container start method called.
2026-06-15T20:21:10.4567707Z State: Starting, Action: PullingImage, LastError: , LastErrorTimestamp: 01/01/0001 00:00:00, LastErrorDetails: , Details: Pulling image 10.1.0.5:13209/appsvc/dotnetcore:10.0_20260504.4.tuxprod for app-api-healingassigns-dev., DetailsLevel: INFO
2026-06-15T20:21:10.4568939Z Establishing network.
2026-06-15T20:21:10.4571335Z Pulling image: appsvc/dotnetcore:10.0_20260504.4.tuxprod.
2026-06-15T20:21:10.7819800Z Image appsvc/dotnetcore:10.0_20260504.4.tuxprod is pulled from registry 10.1.0.5:13209
2026-06-15T20:21:10.7821478Z Container is starting.
2026-06-15T20:21:10.7822143Z State: Starting, Action: MountingVolumes, LastError: , LastErrorTimestamp: 01/01/0001 00:00:00, LastErrorDetails: , Details: Mounting volumes for app-api-healingassigns-dev., DetailsLevel: INFO
2026-06-15T20:21:10.7823363Z Establishing user namespace if not established already.
2026-06-15T20:21:10.7845697Z Establishing network if not established already.
2026-06-15T20:21:10.7847400Z Mounting volumes.
2026-06-15T20:21:10.7849652Z Nested mountpoint 
2026-06-15T20:21:10.7874725Z Nested mountpoint volatile/logs
2026-06-15T20:21:10.7937737Z Nested mountpoint 
2026-06-15T20:21:10.7975446Z Nested mountpoint 
2026-06-15T20:21:10.7982547Z Nested mountpoint 
2026-06-15T20:21:10.9284797Z State: Starting, Action: CreatingContainer, LastError: , LastErrorTimestamp: 01/01/0001 00:00:00, LastErrorDetails: , Details: Finished pulling container image and mounting volumes for app-api-healingassigns-dev. Allocatinng the rest of the container resources to finish container creation., DetailsLevel: INFO
2026-06-15T20:21:10.9286199Z Creating container.
2026-06-15T20:21:10.9287515Z Creating pipes for streaming container io.
2026-06-15T20:21:10.9289675Z Creating stdout named pipe at /podr/container/pipe/61849c0b399b_app-api-healingassigns-dev/stdout_0b9fd9d039e549c9b799b68c19fd59a3.
2026-06-15T20:21:10.9293090Z Successfully created stdout named pipe at: /podr/container/pipe/61849c0b399b_app-api-healingassigns-dev/stdout_0b9fd9d039e549c9b799b68c19fd59a3.
2026-06-15T20:21:10.9294371Z Opening named pipe /podr/container/pipe/61849c0b399b_app-api-healingassigns-dev/stdout_0b9fd9d039e549c9b799b68c19fd59a3 for reading in non-blocking mode.
2026-06-15T20:21:10.9295773Z Successfully opened named pipe: /podr/container/pipe/61849c0b399b_app-api-healingassigns-dev/stdout_0b9fd9d039e549c9b799b68c19fd59a3.
2026-06-15T20:21:10.9297030Z Successfully removed non-blocking flag from /podr/container/pipe/61849c0b399b_app-api-healingassigns-dev/stdout_0b9fd9d039e549c9b799b68c19fd59a3.
2026-06-15T20:21:10.9299272Z Creating stderr named pipe at /podr/container/pipe/61849c0b399b_app-api-healingassigns-dev/stderr_5f86826e778b4b35be2fd2cd028fd1ea.
2026-06-15T20:21:10.9300938Z Successfully created stderr named pipe at: /podr/container/pipe/61849c0b399b_app-api-healingassigns-dev/stderr_5f86826e778b4b35be2fd2cd028fd1ea.
2026-06-15T20:21:10.9302381Z Opening named pipe /podr/container/pipe/61849c0b399b_app-api-healingassigns-dev/stderr_5f86826e778b4b35be2fd2cd028fd1ea for reading in non-blocking mode.
2026-06-15T20:21:10.9303991Z Successfully opened named pipe: /podr/container/pipe/61849c0b399b_app-api-healingassigns-dev/stderr_5f86826e778b4b35be2fd2cd028fd1ea.
2026-06-15T20:21:10.9322044Z Successfully removed non-blocking flag from /podr/container/pipe/61849c0b399b_app-api-healingassigns-dev/stderr_5f86826e778b4b35be2fd2cd028fd1ea.
2026-06-15T20:21:10.9323871Z Creating container with image: appsvc/dotnetcore:10.0_20260504.4.tuxprod from registry: 10.1.0.5:13209 and fully qualified image name: 10.1.0.5:13209/appsvc/dotnetcore:10.0_20260504.4.tuxprod
2026-06-15T20:21:12.1524953Z Starting container: 61849c0b399b_app-api-healingassigns-dev.
2026-06-15T20:21:12.1739877Z Starting watchers and probes.
2026-06-15T20:21:12.1742790Z Starting metrics collection.
2026-06-15T20:21:12.1747199Z Container is running.
2026-06-15T20:21:12.1748419Z State: Starting, Action: CreatingContainer, LastError: , LastErrorTimestamp: 01/01/0001 00:00:00, LastErrorDetails: , Details: Container app-api-healingassigns-dev successfully created and is running., DetailsLevel: INFO
2026-06-15T20:21:12.1964343Z Container start method finished after 1739 ms.
2026-06-15T20:21:12.1966720Z State: Starting, Action: InitiatingSiteWarmUpProbe, LastError: , LastErrorTimestamp: 01/01/0001 00:00:00, LastErrorDetails: , Details: Container app-api-healingassigns-dev successfully created and is running., DetailsLevel: INFO
2026-06-15T20:21:12.1967554Z State: Starting, Action: WaitingForSiteWarmUpProbeSuccess, LastError: , LastErrorTimestamp: 01/01/0001 00:00:00, LastErrorDetails: , Details: Pinging warmup path to ensure container is ready to receive requests., DetailsLevel: INFO
2026-06-15T20:21:24.1799867Z Site startup probe succeeded after 11.9826944 seconds.
2026-06-15T20:21:24.2637791Z State: Starting, Action: WarmUpProbeSucceeded, LastError: , LastErrorTimestamp: 01/01/0001 00:00:00, LastErrorDetails: , Details: Site startup probe succeeded after 11.9826944 seconds., DetailsLevel: INFO
2026-06-15T20:21:24.4643286Z Site is running with deployment version: c255dddb-03f6-4dc0-8514-34de201d17ff
2026-06-15T20:21:24.4645829Z Site started.
2026-06-15T20:21:24.4646437Z State: Started, Action: None, LastError: , LastErrorTimestamp: 01/01/0001 00:00:00, LastErrorDetails: , Details: Site started at 06/15/2026 20:21:24 (UTC), DetailsLevel: INFO
2026-06-15T20:21:24.4648254Z Site is running with patch version DOTNETCORE 10.0.7
2026-06-15T20:21:44.5520785Z State: Stopping, Action: StoppingSite, LastError: , LastErrorTimestamp: 01/01/0001 00:00:00, LastErrorDetails: , Details: Site started at 06/15/2026 20:18:42 (UTC), DetailsLevel: INFO
2026-06-15T20:21:44.5525904Z State: Stopping, Action: StoppingSiteContainers, LastError: , LastErrorTimestamp: 01/01/0001 00:00:00, LastErrorDetails: , Details: Site started at 06/15/2026 20:18:42 (UTC), DetailsLevel: INFO
2026-06-15T20:21:44.5528174Z Container is terminating. Grace period: 5 seconds.
2026-06-15T20:21:44.5643183Z Stop and delete container. Retry count = 0
2026-06-15T20:21:44.5644906Z Stopping container: fda2d7a0ac6e_app-api-healingassigns-dev.
2026-06-15T20:21:49.6223110Z Deleting container: fda2d7a0ac6e_app-api-healingassigns-dev. Retry count = 0
2026-06-15T20:21:49.7176995Z Container spec TerminationMessagePolicy  path 
2026-06-15T20:21:49.7181855Z Container is terminated. Total time elapsed: 5165 ms.
2026-06-15T20:21:49.7183214Z Site: app-api-healingassigns-dev stopped.
2026-06-15T22:04:05.7462309Z State: Starting, Action: EstablishingSiteNetworks, LastError: , LastErrorTimestamp: 01/01/0001 00:00:00, LastErrorDetails: , Details: , DetailsLevel: INFO
2026-06-15T22:04:07.5785931Z State: Starting, Action: StartingMsiContainer, LastError: , LastErrorTimestamp: 01/01/0001 00:00:00, LastErrorDetails: , Details: , DetailsLevel: INFO
2026-06-15T22:04:10.4471485Z Site container: app-api-healingassigns-dev_managedIdentity terminated during site startup.
2026-06-15T22:04:10.4609627Z ManagedIdentity container failed to startup
2026-06-15T22:04:10.4612008Z State: Starting, Action: StartingMsiContainer, LastError: , LastErrorTimestamp: 01/01/0001 00:00:00, LastErrorDetails: , Details: Managed Identity container: app-api-healingassigns-dev_managedIdentity terminated during site startup. Cancelling site start up., DetailsLevel: INFO
2026-06-15T22:04:10.4786934Z State: Starting, Action: StartingMsiContainer, LastError: ImagePullFailure, LastErrorTimestamp: 06/15/2026 22:04:10, LastErrorDetails: Failed to pull image: mcr.microsoft.com/appsvc/msitokenservice:stage5. Failed to fetch token. Pull resulted in forbidden (403) or unauthorized (401)., Details: Managed Identity container: app-api-healingassigns-dev_managedIdentity terminated during site startup. Cancelling site start up., DetailsLevel: ERR
2026-06-15T22:04:10.4900497Z Failed to start site. Revert by stopping site.
2026-06-15T22:04:10.5101755Z State: Stopping, Action: StoppingSite, LastError: ImagePullFailure, LastErrorTimestamp: 06/15/2026 22:04:10, LastErrorDetails: Failed to pull image: mcr.microsoft.com/appsvc/msitokenservice:stage5. Failed to fetch token. Pull resulted in forbidden (403) or unauthorized (401)., Details: Managed Identity container: app-api-healingassigns-dev_managedIdentity terminated during site startup. Cancelling site start up., DetailsLevel: ERR
2026-06-15T22:04:10.5207842Z State: Stopping, Action: StoppingSiteContainers, LastError: ImagePullFailure, LastErrorTimestamp: 06/15/2026 22:04:10, LastErrorDetails: Failed to pull image: mcr.microsoft.com/appsvc/msitokenservice:stage5. Failed to fetch token. Pull resulted in forbidden (403) or unauthorized (401)., Details: Managed Identity container: app-api-healingassigns-dev_managedIdentity terminated during site startup. Cancelling site start up., DetailsLevel: ERR
2026-06-15T22:04:10.5208519Z Site: app-api-healingassigns-dev stopped.
2026-06-15T22:04:30.9937492Z State: Stopping, Action: StoppingSite, LastError: , LastErrorTimestamp: 01/01/0001 00:00:00, LastErrorDetails: , Details: Site started at 06/15/2026 20:21:24 (UTC), DetailsLevel: INFO
2026-06-15T22:04:30.9960204Z State: Stopping, Action: StoppingSiteContainers, LastError: , LastErrorTimestamp: 01/01/0001 00:00:00, LastErrorDetails: , Details: Site started at 06/15/2026 20:21:24 (UTC), DetailsLevel: INFO
2026-06-15T22:04:30.9962494Z Container is terminating. Grace period: 5 seconds.
2026-06-15T22:04:31.0386969Z Stop and delete container. Retry count = 0
2026-06-15T22:04:31.0388576Z Stopping container: 61849c0b399b_app-api-healingassigns-dev.
2026-06-15T22:04:36.0927463Z Deleting container: 61849c0b399b_app-api-healingassigns-dev. Retry count = 0
2026-06-15T22:04:36.2037963Z Container spec TerminationMessagePolicy  path 
2026-06-15T22:04:36.2039987Z Container is terminated. Total time elapsed: 5207 ms.
2026-06-15T22:04:36.2042350Z Site: app-api-healingassigns-dev stopped.
2026-06-15T22:04:10.5304086Z State: Stopping, Action: UnmountingVolumes, LastError: ImagePullFailure, LastErrorTimestamp: 06/15/2026 22:04:10, LastErrorDetails: Failed to pull image: mcr.microsoft.com/appsvc/msitokenservice:stage5. Failed to fetch token. Pull resulted in forbidden (403) or unauthorized (401)., Details: Managed Identity container: app-api-healingassigns-dev_managedIdentity terminated during site startup. Cancelling site start up., DetailsLevel: ERR
2026-06-15T22:04:10.6056448Z State: Stopping, Action: StoppingSiteNetworks, LastError: ImagePullFailure, LastErrorTimestamp: 06/15/2026 22:04:10, LastErrorDetails: Failed to pull image: mcr.microsoft.com/appsvc/msitokenservice:stage5. Failed to fetch token. Pull resulted in forbidden (403) or unauthorized (401)., Details: Managed Identity container: app-api-healingassigns-dev_managedIdentity terminated during site startup. Cancelling site start up., DetailsLevel: ERR
2026-06-15T22:04:10.7415659Z State: Stopped, Action: None, LastError: ImagePullFailure, LastErrorTimestamp: 06/15/2026 22:04:10, LastErrorDetails: Failed to pull image: mcr.microsoft.com/appsvc/msitokenservice:stage5. Failed to fetch token. Pull resulted in forbidden (403) or unauthorized (401)., Details: Site stopped at 06/15/2026 22:04:10 (UTC), DetailsLevel: ERR
2026-06-15T22:07:30.0358211Z State: Starting, Action: EstablishingSiteNetworks, LastError: ImagePullFailure, LastErrorTimestamp: 06/15/2026 22:04:10, LastErrorDetails: Failed to pull image: mcr.microsoft.com/appsvc/msitokenservice:stage5. Failed to fetch token. Pull resulted in forbidden (403) or unauthorized (401)., Details: Site stopped at 06/15/2026 22:04:10 (UTC), DetailsLevel: ERR
2026-06-15T22:07:31.6746876Z State: Starting, Action: StartingMsiContainer, LastError: ImagePullFailure, LastErrorTimestamp: 06/15/2026 22:04:10, LastErrorDetails: Failed to pull image: mcr.microsoft.com/appsvc/msitokenservice:stage5. Failed to fetch token. Pull resulted in forbidden (403) or unauthorized (401)., Details: Site stopped at 06/15/2026 22:04:10 (UTC), DetailsLevel: ERR
2026-06-15T22:07:34.1483804Z Site container: app-api-healingassigns-dev_managedIdentity terminated during site startup.
2026-06-15T22:07:34.1500309Z ManagedIdentity container failed to startup
2026-06-15T22:07:34.1587119Z State: Starting, Action: StartingMsiContainer, LastError: ImagePullFailure, LastErrorTimestamp: 06/15/2026 22:04:10, LastErrorDetails: Failed to pull image: mcr.microsoft.com/appsvc/msitokenservice:stage5. Failed to fetch token. Pull resulted in forbidden (403) or unauthorized (401)., Details: Managed Identity container: app-api-healingassigns-dev_managedIdentity terminated during site startup. Cancelling site start up., DetailsLevel: ERR
2026-06-15T22:07:34.1598245Z State: Starting, Action: StartingMsiContainer, LastError: ImagePullUnauthorizedFailure, LastErrorTimestamp: 06/15/2026 22:07:34, LastErrorDetails: Failed to pull image: mcr.microsoft.com/appsvc/msitokenservice:stage5. Image pull failed with forbidden or unauthorized. Check registry credentials., Details: Managed Identity container: app-api-healingassigns-dev_managedIdentity terminated during site startup. Cancelling site start up., DetailsLevel: ERR
2026-06-15T22:07:34.1652428Z Failed to start site. Revert by stopping site.
2026-06-15T22:07:34.1653740Z State: Stopping, Action: StoppingSite, LastError: ImagePullUnauthorizedFailure, LastErrorTimestamp: 06/15/2026 22:07:34, LastErrorDetails: Failed to pull image: mcr.microsoft.com/appsvc/msitokenservice:stage5. Image pull failed with forbidden or unauthorized. Check registry credentials., Details: Managed Identity container: app-api-healingassigns-dev_managedIdentity terminated during site startup. Cancelling site start up., DetailsLevel: ERR
2026-06-15T22:07:34.1655811Z State: Stopping, Action: StoppingSiteContainers, LastError: ImagePullUnauthorizedFailure, LastErrorTimestamp: 06/15/2026 22:07:34, LastErrorDetails: Failed to pull image: mcr.microsoft.com/appsvc/msitokenservice:stage5. Image pull failed with forbidden or unauthorized. Check registry credentials., Details: Managed Identity container: app-api-healingassigns-dev_managedIdentity terminated during site startup. Cancelling site start up., DetailsLevel: ERR
2026-06-15T22:07:34.1664341Z Site: app-api-healingassigns-dev stopped.
