2026-06-15T20:08:03.6595779Z,Updating submodules.,d833f34c-7071-4353-8a21-f2a6088b58b8,0
2026-06-15T20:08:04.7969622Z,Preparing deployment for commit id '06add8f0-9'.,fe9ae993-2878-4c85-ba21-b243a692fb12,0
2026-06-15T20:08:05.1092384Z,PreDeployment: context.CleanOutputPath False,37603148-ae83-4374-8c15-6a43e8a5ddda,0
2026-06-15T20:08:05.2537861Z,PreDeployment: context.OutputPath /home/site/wwwroot,97baa458-5928-4f2e-aea5-6d998cc8772f,0
2026-06-15T20:08:05.4327964Z,Running build. Project type: OneDeploy,5cfc64b8-c26e-4ae0-bc49-288052d354f2,0
2026-06-15T20:08:05.5494226Z,Copying the manifest,428cdb7a-6b05-4771-a40c-3ab51e9a232e,0
2026-06-15T20:08:05.7240473Z,Running deployment command...,e9c08bea-a5c1-4c71-a468-bb6381e8eaa6,0
	2026-06-15T20:08:05.7340287Z,Command: /opt/Kudu/Scripts/parallel_rsync.sh /tmp/zipdeploy/extracted /home/site/wwwroot 8 /tmp/ False False  ,,0
	2026-06-15T20:08:05.8005118Z,Run rsync from: /tmp/zipdeploy/extracted/ to: /home/site/wwwroot/ in 8 parallel threads,,0
	2026-06-15T20:08:05.8238672Z,Delete options: clean=False&comma; use manifest=False&comma; directory to ignore=,,0
	2026-06-15T20:08:05.8405731Z,Prev manifest = /opt/Kudu/Scripts/firstDeploymentManifest and next /home/site/deployments/06add8f0-9600-483c-a649-e1b5f2f7c71f/manifest,,0
	2026-06-15T20:08:05.8548708Z,Cleaning up /tmp//filelist.txt and /tmp//splits,,0
	2026-06-15T20:08:05.8797374Z,Creating a list of all files at /tmp//filelist.txt,,0
	2026-06-15T20:08:05.8971341Z,No directory to exclude.,,0
	2026-06-15T20:08:05.9081353Z,Created /tmp//filelist.txt. Total number of files to be synced = 11.,,0
	2026-06-15T20:08:05.9381274Z,Created batches from the list of files. Processing 2 files in each thread,,0
	2026-06-15T20:08:05.9621159Z,Running rsync for filelist /tmp//splits/split.aa from /tmp/zipdeploy/extracted/ to /home/site/wwwroot/,,0
	2026-06-15T20:08:05.9875116Z,Running rsync for filelist /tmp//splits/split.ab from /tmp/zipdeploy/extracted/ to /home/site/wwwroot/,,0
	2026-06-15T20:08:06.0229731Z,Running rsync for filelist /tmp//splits/split.ad from /tmp/zipdeploy/extracted/ to /home/site/wwwroot/,,0
	2026-06-15T20:08:06.0809001Z,Running rsync for filelist /tmp//splits/split.ac from /tmp/zipdeploy/extracted/ to /home/site/wwwroot/,,0
	2026-06-15T20:08:06.0962110Z,Running rsync for filelist /tmp//splits/split.ae from /tmp/zipdeploy/extracted/ to /home/site/wwwroot/,,0
	2026-06-15T20:08:06.1045194Z,Running rsync for filelist /tmp//splits/split.af from /tmp/zipdeploy/extracted/ to /home/site/wwwroot/,,0
	2026-06-15T20:08:06.1550185Z,,,0
	2026-06-15T20:08:06.1830060Z,Number of files: 1 (reg: 1),,0
	2026-06-15T20:08:06.1993260Z,Number of created files: 1 (reg: 1),,0
	2026-06-15T20:08:06.2292315Z,Number of deleted files: 0,,0
	2026-06-15T20:08:06.2374302Z,Number of regular files transferred: 1,,0
	2026-06-15T20:08:06.2558789Z,Total file size: 27.65K bytes,,0
	2026-06-15T20:08:06.2645867Z,Total transferred file size: 27.65K bytes,,0
	2026-06-15T20:08:06.2863429Z,Literal data: 27.65K bytes,,0
	2026-06-15T20:08:06.3293242Z,Matched data: 0 bytes,,0
	2026-06-15T20:08:06.3630157Z,File list size: 0,,0
	2026-06-15T20:08:06.3696395Z,File list generation time: 0.001 seconds,,0
	2026-06-15T20:08:06.3766923Z,File list transfer time: 0.000 seconds,,0
	2026-06-15T20:08:06.3822676Z,Total bytes sent: 12.72K,,0
	2026-06-15T20:08:06.3891412Z,Total bytes received: 35,,0
	2026-06-15T20:08:06.3952536Z,,,0
	2026-06-15T20:08:06.4027838Z,sent 12.72K bytes  received 35 bytes  8.50K bytes/sec,,0
	2026-06-15T20:08:06.4099422Z,total size is 27.65K  speedup is 2.17,,0
	2026-06-15T20:08:06.4172373Z,Attempt 1: Rsync for filelist /tmp//splits/split.af completed with exit code 0,,0
	2026-06-15T20:08:06.4231404Z,,,0
	2026-06-15T20:08:06.4292791Z,Number of files: 2 (reg: 2),,0
	2026-06-15T20:08:06.4351577Z,Number of created files: 2 (reg: 2),,0
	2026-06-15T20:08:06.4412438Z,Number of deleted files: 0,,0
	2026-06-15T20:08:06.4484144Z,Number of regular files transferred: 2,,0
	2026-06-15T20:08:06.4567395Z,Total file size: 78.75K bytes,,0
	2026-06-15T20:08:06.4631034Z,Total transferred file size: 78.75K bytes,,0
	2026-06-15T20:08:06.4682610Z,Literal data: 78.75K bytes,,0
	2026-06-15T20:08:06.4737543Z,Matched data: 0 bytes,,0
	2026-06-15T20:08:06.4818722Z,File list size: 0,,0
	2026-06-15T20:08:06.4877540Z,File list generation time: 0.001 seconds,,0
	2026-06-15T20:08:06.4932416Z,File list transfer time: 0.000 seconds,,0
	2026-06-15T20:08:06.4998708Z,Total bytes sent: 35.56K,,0
	2026-06-15T20:08:06.5079169Z,Total bytes received: 54,,0
	2026-06-15T20:08:06.5190020Z,,,0
	2026-06-15T20:08:06.5290510Z,sent 35.56K bytes  received 54 bytes  23.74K bytes/sec,,0
	2026-06-15T20:08:06.5359707Z,total size is 78.75K  speedup is 2.21,,0
	2026-06-15T20:08:06.5418588Z,Attempt 1: Rsync for filelist /tmp//splits/split.aa completed with exit code 0,,0
	2026-06-15T20:08:06.5479730Z,,,0
	2026-06-15T20:08:06.5717304Z,Number of files: 2 (reg: 2),,0
	2026-06-15T20:08:06.5825944Z,Number of created files: 2 (reg: 2),,0
	2026-06-15T20:08:06.5945675Z,Number of deleted files: 0,,0
	2026-06-15T20:08:06.6074445Z,Number of regular files transferred: 2,,0
	2026-06-15T20:08:06.6324626Z,Total file size: 474.71K bytes,,0
	2026-06-15T20:08:06.6426568Z,Total transferred file size: 474.71K bytes,,0
	2026-06-15T20:08:06.6494618Z,Literal data: 474.71K bytes,,0
	2026-06-15T20:08:06.6565627Z,Matched data: 0 bytes,,0
	2026-06-15T20:08:06.6638688Z,File list size: 0,,0
	2026-06-15T20:08:06.6776408Z,File list generation time: 0.001 seconds,,0
	2026-06-15T20:08:06.6851829Z,File list transfer time: 0.000 seconds,,0
	2026-06-15T20:08:06.6976005Z,Total bytes sent: 184.90K,,0
	2026-06-15T20:08:06.7083330Z,Total bytes received: 54,,0
	2026-06-15T20:08:06.7212266Z,,,0
	2026-06-15T20:08:06.7307569Z,sent 184.90K bytes  received 54 bytes  123.30K bytes/sec,,0
	2026-06-15T20:08:06.7425135Z,total size is 474.71K  speedup is 2.57,,0
	2026-06-15T20:08:06.7760387Z,Attempt 1: Rsync for filelist /tmp//splits/split.ad completed with exit code 0,,0
	2026-06-15T20:08:06.7823362Z,,,0
	2026-06-15T20:08:06.7929481Z,Number of files: 2 (reg: 2),,0
	2026-06-15T20:08:06.8027680Z,Number of created files: 2 (reg: 2),,0
	2026-06-15T20:08:06.8251920Z,Number of deleted files: 0,,0
	2026-06-15T20:08:06.8310245Z,Number of regular files transferred: 2,,0
	2026-06-15T20:08:06.8369141Z,Total file size: 2.17K bytes,,0
	2026-06-15T20:08:06.8503382Z,Total transferred file size: 2.17K bytes,,0
	2026-06-15T20:08:06.8579531Z,Literal data: 2.17K bytes,,0
	2026-06-15T20:08:06.8638157Z,Matched data: 0 bytes,,0
	2026-06-15T20:08:06.8690790Z,File list size: 0,,0
	2026-06-15T20:08:06.8745427Z,File list generation time: 0.001 seconds,,0
	2026-06-15T20:08:06.8924810Z,File list transfer time: 0.000 seconds,,0
	2026-06-15T20:08:06.9082282Z,Total bytes sent: 1.08K,,0
	2026-06-15T20:08:06.9386439Z,Total bytes received: 54,,0
	2026-06-15T20:08:06.9464609Z,,,0
	2026-06-15T20:08:06.9563825Z,sent 1.08K bytes  received 54 bytes  753.33 bytes/sec,,0
	2026-06-15T20:08:06.9696914Z,total size is 2.17K  speedup is 1.92,,0
	2026-06-15T20:08:07.0101343Z,Attempt 1: Rsync for filelist /tmp//splits/split.ae completed with exit code 0,,0
	2026-06-15T20:08:07.0211868Z,,,0
	2026-06-15T20:08:07.0315356Z,Number of files: 2 (reg: 2),,0
	2026-06-15T20:08:07.0441039Z,Number of created files: 2 (reg: 2),,0
	2026-06-15T20:08:07.0512007Z,Number of deleted files: 0,,0
	2026-06-15T20:08:07.0626739Z,Number of regular files transferred: 2,,0
	2026-06-15T20:08:07.0771264Z,Total file size: 32.80K bytes,,0
	2026-06-15T20:08:07.0831344Z,Total transferred file size: 32.80K bytes,,0
	2026-06-15T20:08:07.0912898Z,Literal data: 32.80K bytes,,0
	2026-06-15T20:08:07.0984456Z,Matched data: 0 bytes,,0
	2026-06-15T20:08:07.1083470Z,File list size: 0,,0
	2026-06-15T20:08:07.1149734Z,File list generation time: 0.001 seconds,,0
	2026-06-15T20:08:07.1213568Z,File list transfer time: 0.000 seconds,,0
	2026-06-15T20:08:07.1282741Z,Total bytes sent: 20.48K,,0
	2026-06-15T20:08:07.1344770Z,Total bytes received: 54,,0
	2026-06-15T20:08:07.1405979Z,,,0
	2026-06-15T20:08:07.1466950Z,sent 20.48K bytes  received 54 bytes  13.69K bytes/sec,,0
	2026-06-15T20:08:07.1559918Z,total size is 32.80K  speedup is 1.60,,0
	2026-06-15T20:08:07.1620545Z,Attempt 1: Rsync for filelist /tmp//splits/split.ab completed with exit code 0,,0
	2026-06-15T20:08:07.1758753Z,,,0
	2026-06-15T20:08:07.1949827Z,Number of files: 2 (reg: 2),,0
	2026-06-15T20:08:07.2018509Z,Number of created files: 2 (reg: 2),,0
	2026-06-15T20:08:07.2092029Z,Number of deleted files: 0,,0
	2026-06-15T20:08:07.2181561Z,Number of regular files transferred: 2,,0
	2026-06-15T20:08:07.2241056Z,Total file size: 193.50K bytes,,0
	2026-06-15T20:08:07.2370385Z,Total transferred file size: 193.50K bytes,,0
	2026-06-15T20:08:07.2491508Z,Literal data: 193.50K bytes,,0
	2026-06-15T20:08:07.2643257Z,Matched data: 0 bytes,,0
	2026-06-15T20:08:07.2805080Z,File list size: 0,,0
	2026-06-15T20:08:07.2950332Z,File list generation time: 0.001 seconds,,0
	2026-06-15T20:08:07.3090501Z,File list transfer time: 0.000 seconds,,0
	2026-06-15T20:08:07.3224884Z,Total bytes sent: 88.99K,,0
	2026-06-15T20:08:07.3322019Z,Total bytes received: 54,,0
	2026-06-15T20:08:07.3391292Z,,,0
	2026-06-15T20:08:07.3463014Z,sent 88.99K bytes  received 54 bytes  59.36K bytes/sec,,0
	2026-06-15T20:08:07.3531907Z,total size is 193.50K  speedup is 2.17,,0
	2026-06-15T20:08:07.3616672Z,Attempt 1: Rsync for filelist /tmp//splits/split.ac completed with exit code 0,,0
	2026-06-15T20:08:07.3672723Z,Completed successfully in 1 seconds,,0
2026-06-15T20:08:07.5170583Z,Build completed succesfully.,944268fd-272b-4bb5-936f-0a57d3e89baa,0
2026-06-15T20:08:07.6635537Z,Running post deployment command(s)...,a8389bc1-65c6-4649-8878-2d8f6e027222,0
2026-06-15T20:08:07.8532746Z,Triggering container recycle for OneDeploy by adding/updating restartTrigger.txt to the site root path,b463bbcd-d80a-450c-b197-dd919ae1b5c4,0
2026-06-15T20:08:08.0076933Z,Deployment successful. deployer = OneDeploy deploymentPath = OneDeploy,3722f7b1-2477-4247-9a17-66730c36bf78,0
