2026-06-15T20:20:58.3240438Z,Updating submodules.,94828152-3253-4111-994e-b03339bf8d16,0
2026-06-15T20:20:59.4510994Z,Preparing deployment for commit id 'c255dddb-0'.,9cfb5ba3-2ed1-45b8-8a0a-1b0f14db62c9,0
2026-06-15T20:20:59.7824148Z,PreDeployment: context.CleanOutputPath False,e5462302-4b37-4496-8857-57db0bbd86ac,0
2026-06-15T20:20:59.8979624Z,PreDeployment: context.OutputPath /home/site/wwwroot,78cfb3aa-5f5d-4519-b144-db81ee21b92d,0
2026-06-15T20:21:00.0501018Z,Running build. Project type: OneDeploy,028e76b1-8734-4b2b-b49e-04d5684d07b1,0
2026-06-15T20:21:00.1833351Z,Copying the manifest,0b90b2d3-b4ea-48ce-ac77-92bad07561fa,0
2026-06-15T20:21:00.3533032Z,Running deployment command...,13d6102b-c1f6-4825-8ccd-044367d1c620,0
	2026-06-15T20:21:00.3624092Z,Command: /opt/Kudu/Scripts/parallel_rsync.sh /tmp/zipdeploy/extracted /home/site/wwwroot 8 /tmp/ False False  ,,0
	2026-06-15T20:21:00.4338369Z,Run rsync from: /tmp/zipdeploy/extracted/ to: /home/site/wwwroot/ in 8 parallel threads,,0
	2026-06-15T20:21:00.4444356Z,Delete options: clean=False&comma; use manifest=False&comma; directory to ignore=,,0
	2026-06-15T20:21:00.4621217Z,Prev manifest = /home/site/deployments/50f742e8-6254-4625-ba9f-46a67a15b585/manifest and next /home/site/deployments/c255dddb-03f6-4dc0-8514-34de201d17ff/manifest,,0
	2026-06-15T20:21:00.4787695Z,Cleaning up /tmp//filelist.txt and /tmp//splits,,0
	2026-06-15T20:21:00.4886197Z,Creating a list of all files at /tmp//filelist.txt,,0
	2026-06-15T20:21:00.5109483Z,No directory to exclude.,,0
	2026-06-15T20:21:00.5542110Z,Created /tmp//filelist.txt. Total number of files to be synced = 11.,,0
	2026-06-15T20:21:00.5870917Z,Created batches from the list of files. Processing 2 files in each thread,,0
	2026-06-15T20:21:00.5974511Z,Running rsync for filelist /tmp//splits/split.aa from /tmp/zipdeploy/extracted/ to /home/site/wwwroot/,,0
	2026-06-15T20:21:00.6067800Z,Running rsync for filelist /tmp//splits/split.ac from /tmp/zipdeploy/extracted/ to /home/site/wwwroot/,,0
	2026-06-15T20:21:00.6178383Z,Running rsync for filelist /tmp//splits/split.ab from /tmp/zipdeploy/extracted/ to /home/site/wwwroot/,,0
	2026-06-15T20:21:00.6248697Z,Running rsync for filelist /tmp//splits/split.ae from /tmp/zipdeploy/extracted/ to /home/site/wwwroot/,,0
	2026-06-15T20:21:00.6329641Z,Running rsync for filelist /tmp//splits/split.ad from /tmp/zipdeploy/extracted/ to /home/site/wwwroot/,,0
	2026-06-15T20:21:00.6398744Z,Running rsync for filelist /tmp//splits/split.af from /tmp/zipdeploy/extracted/ to /home/site/wwwroot/,,0
	2026-06-15T20:21:01.0624377Z,,,0
	2026-06-15T20:21:01.0727546Z,Number of files: 1 (reg: 1),,0
	2026-06-15T20:21:01.2629753Z,Number of created files: 0,,0
	2026-06-15T20:21:01.2748338Z,Number of deleted files: 0,,0
	2026-06-15T20:21:01.2925664Z,Number of regular files transferred: 1,,0
	2026-06-15T20:21:01.3143914Z,Total file size: 28.16K bytes,,0
	2026-06-15T20:21:01.3277488Z,Total transferred file size: 28.16K bytes,,0
	2026-06-15T20:21:01.3402269Z,Literal data: 28.16K bytes,,0
	2026-06-15T20:21:01.3483212Z,Matched data: 0 bytes,,0
	2026-06-15T20:21:01.3541184Z,File list size: 0,,0
	2026-06-15T20:21:01.3621612Z,File list generation time: 0.002 seconds,,0
	2026-06-15T20:21:01.3685265Z,File list transfer time: 0.000 seconds,,0
	2026-06-15T20:21:01.3754548Z,Total bytes sent: 12.89K,,0
	2026-06-15T20:21:01.3872531Z,Total bytes received: 35,,0
	2026-06-15T20:21:01.4161118Z,,,0
	2026-06-15T20:21:01.4244472Z,sent 12.89K bytes  received 35 bytes  25.84K bytes/sec,,0
	2026-06-15T20:21:01.4381240Z,total size is 28.16K  speedup is 2.18,,0
	2026-06-15T20:21:01.4574503Z,Attempt 1: Rsync for filelist /tmp//splits/split.af completed with exit code 0,,0
	2026-06-15T20:21:01.4741795Z,,,0
	2026-06-15T20:21:01.4815783Z,Number of files: 2 (reg: 2),,0
	2026-06-15T20:21:01.4923958Z,Number of created files: 0,,0
	2026-06-15T20:21:01.5251328Z,Number of deleted files: 0,,0
	2026-06-15T20:21:01.5468468Z,Number of regular files transferred: 1,,0
	2026-06-15T20:21:01.5597502Z,Total file size: 474.71K bytes,,0
	2026-06-15T20:21:01.5861144Z,Total transferred file size: 53 bytes,,0
	2026-06-15T20:21:01.5924255Z,Literal data: 53 bytes,,0
	2026-06-15T20:21:01.6009760Z,Matched data: 0 bytes,,0
	2026-06-15T20:21:01.6181465Z,File list size: 0,,0
	2026-06-15T20:21:01.6362069Z,File list generation time: 0.001 seconds,,0
	2026-06-15T20:21:01.6676315Z,File list transfer time: 0.000 seconds,,0
	2026-06-15T20:21:01.6798601Z,Total bytes sent: 284,,0
	2026-06-15T20:21:01.6917624Z,Total bytes received: 38,,0
	2026-06-15T20:21:01.7167044Z,,,0
	2026-06-15T20:21:01.7234183Z,sent 284 bytes  received 38 bytes  644.00 bytes/sec,,0
	2026-06-15T20:21:01.7355387Z,total size is 474.71K  speedup is 1&comma;474.25,,0
	2026-06-15T20:21:01.7433243Z,Attempt 1: Rsync for filelist /tmp//splits/split.ad completed with exit code 0,,0
	2026-06-15T20:21:01.7517206Z,,,0
	2026-06-15T20:21:01.7599282Z,Number of files: 2 (reg: 2),,0
	2026-06-15T20:21:01.7673696Z,Number of created files: 0,,0
	2026-06-15T20:21:01.7748550Z,Number of deleted files: 0,,0
	2026-06-15T20:21:01.7813097Z,Number of regular files transferred: 1,,0
	2026-06-15T20:21:01.7879780Z,Total file size: 193.50K bytes,,0
	2026-06-15T20:21:01.7959857Z,Total transferred file size: 142 bytes,,0
	2026-06-15T20:21:01.8105071Z,Literal data: 142 bytes,,0
	2026-06-15T20:21:01.8181214Z,Matched data: 0 bytes,,0
	2026-06-15T20:21:01.8299992Z,File list size: 0,,0
	2026-06-15T20:21:01.8392764Z,File list generation time: 0.182 seconds,,0
	2026-06-15T20:21:01.8479108Z,File list transfer time: 0.000 seconds,,0
	2026-06-15T20:21:01.8541292Z,Total bytes sent: 320,,0
	2026-06-15T20:21:01.8612916Z,Total bytes received: 38,,0
	2026-06-15T20:21:01.8689094Z,,,0
	2026-06-15T20:21:01.8763577Z,sent 320 bytes  received 38 bytes  716.00 bytes/sec,,0
	2026-06-15T20:21:01.8823043Z,total size is 193.50K  speedup is 540.51,,0
	2026-06-15T20:21:01.8970023Z,Attempt 1: Rsync for filelist /tmp//splits/split.ac completed with exit code 0,,0
	2026-06-15T20:21:01.9109478Z,,,0
	2026-06-15T20:21:01.9182292Z,Number of files: 2 (reg: 2),,0
	2026-06-15T20:21:01.9316448Z,Number of created files: 0,,0
	2026-06-15T20:21:01.9390265Z,Number of deleted files: 0,,0
	2026-06-15T20:21:01.9491559Z,Number of regular files transferred: 2,,0
	2026-06-15T20:21:01.9574411Z,Total file size: 32.54K bytes,,0
	2026-06-15T20:21:01.9657165Z,Total transferred file size: 32.54K bytes,,0
	2026-06-15T20:21:01.9730003Z,Literal data: 32.54K bytes,,0
	2026-06-15T20:21:01.9788221Z,Matched data: 0 bytes,,0
	2026-06-15T20:21:01.9855783Z,File list size: 0,,0
	2026-06-15T20:21:01.9937311Z,File list generation time: 0.185 seconds,,0
	2026-06-15T20:21:02.0056702Z,File list transfer time: 0.000 seconds,,0
	2026-06-15T20:21:02.0278102Z,Total bytes sent: 20.42K,,0
	2026-06-15T20:21:02.0344141Z,Total bytes received: 54,,0
	2026-06-15T20:21:02.0459358Z,,,0
	2026-06-15T20:21:02.0907931Z,sent 20.42K bytes  received 54 bytes  40.95K bytes/sec,,0
	2026-06-15T20:21:02.1019139Z,total size is 32.54K  speedup is 1.59,,0
	2026-06-15T20:21:02.1091122Z,Attempt 1: Rsync for filelist /tmp//splits/split.ab completed with exit code 0,,0
	2026-06-15T20:21:02.1169450Z,,,0
	2026-06-15T20:21:02.1323349Z,Number of files: 2 (reg: 2),,0
	2026-06-15T20:21:02.1403245Z,Number of created files: 0,,0
	2026-06-15T20:21:02.1666366Z,Number of deleted files: 0,,0
	2026-06-15T20:21:02.1733107Z,Number of regular files transferred: 2,,0
	2026-06-15T20:21:02.1798857Z,Total file size: 78.75K bytes,,0
	2026-06-15T20:21:02.1861496Z,Total transferred file size: 78.75K bytes,,0
	2026-06-15T20:21:02.2033704Z,Literal data: 78.75K bytes,,0
	2026-06-15T20:21:02.2091653Z,Matched data: 0 bytes,,0
	2026-06-15T20:21:02.2170705Z,File list size: 0,,0
	2026-06-15T20:21:02.2293903Z,File list generation time: 0.211 seconds,,0
	2026-06-15T20:21:02.2362291Z,File list transfer time: 0.000 seconds,,0
	2026-06-15T20:21:02.2424154Z,Total bytes sent: 35.56K,,0
	2026-06-15T20:21:02.2525163Z,Total bytes received: 54,,0
	2026-06-15T20:21:02.2650716Z,,,0
	2026-06-15T20:21:02.2747169Z,sent 35.56K bytes  received 54 bytes  23.74K bytes/sec,,0
	2026-06-15T20:21:02.2842007Z,total size is 78.75K  speedup is 2.21,,0
	2026-06-15T20:21:02.2916261Z,Attempt 1: Rsync for filelist /tmp//splits/split.aa completed with exit code 0,,0
	2026-06-15T20:21:02.2983476Z,,,0
	2026-06-15T20:21:02.3072354Z,Number of files: 2 (reg: 2),,0
	2026-06-15T20:21:02.3146090Z,Number of created files: 0,,0
	2026-06-15T20:21:02.3281357Z,Number of deleted files: 0,,0
	2026-06-15T20:21:02.3389223Z,Number of regular files transferred: 2,,0
	2026-06-15T20:21:02.3522874Z,Total file size: 2.17K bytes,,0
	2026-06-15T20:21:02.3596918Z,Total transferred file size: 2.17K bytes,,0
	2026-06-15T20:21:02.3689713Z,Literal data: 2.17K bytes,,0
	2026-06-15T20:21:02.3788272Z,Matched data: 0 bytes,,0
	2026-06-15T20:21:02.3871935Z,File list size: 0,,0
	2026-06-15T20:21:02.3948510Z,File list generation time: 0.001 seconds,,0
	2026-06-15T20:21:02.4033493Z,File list transfer time: 0.000 seconds,,0
	2026-06-15T20:21:02.4136410Z,Total bytes sent: 1.08K,,0
	2026-06-15T20:21:02.4221445Z,Total bytes received: 54,,0
	2026-06-15T20:21:02.4302984Z,,,0
	2026-06-15T20:21:02.4397665Z,sent 1.08K bytes  received 54 bytes  753.33 bytes/sec,,0
	2026-06-15T20:21:02.4529112Z,total size is 2.17K  speedup is 1.92,,0
	2026-06-15T20:21:02.4606601Z,Attempt 1: Rsync for filelist /tmp//splits/split.ae completed with exit code 0,,0
	2026-06-15T20:21:02.4685087Z,Completed successfully in 1 seconds,,0
2026-06-15T20:21:02.5829447Z,Build completed succesfully.,b6a01cac-3276-4741-afb9-388bc6c976d6,0
2026-06-15T20:21:02.7074295Z,Running post deployment command(s)...,86871657-237e-4f5c-9afd-db6452878d68,0
2026-06-15T20:21:02.8333472Z,Triggering container recycle for OneDeploy by adding/updating restartTrigger.txt to the site root path,99fe400b-d86b-49c2-8302-cb41376501d2,0
2026-06-15T20:21:03.0228735Z,Deployment successful. deployer = OneDeploy deploymentPath = OneDeploy,10a91a61-89bf-4ed1-b1b1-4af36424e86f,0
